# JRE version: OpenJDK Runtime Environment (11.0.10) (build 11.0.10+0-b96-7249189)
# Java VM: OpenJDK 64-Bit Server VM (11.0.10+0-b96-7249189, mixed mode, tiered, compressed oops, g1 gc, windows-amd64)
Heap:
 garbage-first heap   total 260096K, used 176444K [0x0000000080000000, 0x0000000100000000)
  region size 1024K, 103 young (105472K), 8 survivors (8192K)
 Metaspace       used 89877K, capacity 92194K, committed 92492K, reserved 1128448K
  class space    used 11614K, capacity 12486K, committed 12620K, reserved 1048576K
GC Heap History (20 events):
Event: 3.770 GC heap before
{Heap before GC invocations=2 (full 0):
 garbage-first heap   total 260096K, used 65402K [0x0000000080000000, 0x0000000100000000)
  region size 1024K, 54 young (55296K), 1 survivors (1024K)
 Metaspace       used 17966K, capacity 18397K, committed 18432K, reserved 1064960K
  class space    used 2136K, capacity 2272K, committed 2304K, reserved 1048576K
}
Event: 3.774 GC heap after
{Heap after GC invocations=3 (full 0):
 garbage-first heap   total 260096K, used 16182K [0x0000000080000000, 0x0000000100000000)
  region size 1024K, 7 young (7168K), 7 survivors (7168K)
 Metaspace       used 17966K, capacity 18397K, committed 18432K, reserved 1064960K
  class space    used 2136K, capacity 2272K, committed 2304K, reserved 1048576K
}
Event: 4.029 GC heap before
{Heap before GC invocations=3 (full 0):
 garbage-first heap   total 260096K, used 36662K [0x0000000080000000, 0x0000000100000000)
  region size 1024K, 28 young (28672K), 7 survivors (7168K)
 Metaspace       used 20580K, capacity 21104K, committed 21248K, reserved 1067008K
  class space    used 2508K, capacity 2690K, committed 2816K, reserved 1048576K
}
Event: 4.039 GC heap after
{Heap after GC invocations=4 (full 0):
 garbage-first heap   total 260096K, used 17418K [0x0000000080000000, 0x0000000100000000)
  region size 1024K, 1 young (1024K), 1 survivors (1024K)
 Metaspace       used 20580K, capacity 21104K, committed 21248K, reserved 1067008K
  class space    used 2508K, capacity 2690K, committed 2816K, reserved 1048576K
}
Event: 5.180 GC heap before
{Heap before GC invocations=5 (full 0):
 garbage-first heap   total 260096K, used 101386K [0x0000000080000000, 0x0000000100000000)
  region size 1024K, 83 young (84992K), 1 survivors (1024K)
 Metaspace       used 28477K, capacity 29194K, committed 29440K, reserved 1075200K
  class space    used 3790K, capacity 4030K, committed 4096K, reserved 1048576K
}
Event: 5.185 GC heap after
{Heap after GC invocations=6 (full 0):
 garbage-first heap   total 260096K, used 19881K [0x0000000080000000, 0x0000000100000000)
  region size 1024K, 4 young (4096K), 4 survivors (4096K)
 Metaspace       used 28477K, capacity 29194K, committed 29440K, reserved 1075200K
  class space    used 3790K, capacity 4030K, committed 4096K, reserved 1048576K
}
Event: 5.740 GC heap before
{Heap before GC invocations=6 (full 0):
 garbage-first heap   total 260096K, used 48553K [0x0000000080000000, 0x0000000100000000)
  region size 1024K, 33 young (33792K), 4 survivors (4096K)
 Metaspace       used 35066K, capacity 35837K, committed 35840K, reserved 1081344K
  class space    used 4543K, capacity 4864K, committed 4864K, reserved 1048576K
}
Event: 5.750 GC heap after
{Heap after GC invocations=7 (full 0):
 garbage-first heap   total 260096K, used 22653K [0x0000000080000000, 0x0000000100000000)
  region size 1024K, 6 young (6144K), 6 survivors (6144K)
 Metaspace       used 35066K, capacity 35837K, committed 35840K, reserved 1081344K
  class space    used 4543K, capacity 4864K, committed 4864K, reserved 1048576K
}
Event: 7.121 GC heap before
{Heap before GC invocations=8 (full 0):
 garbage-first heap   total 260096K, used 147581K [0x0000000080000000, 0x0000000100000000)
  region size 1024K, 125 young (128000K), 6 survivors (6144K)
 Metaspace       used 44749K, capacity 45850K, committed 46156K, reserved 1089536K
  class space    used 5750K, capacity 6146K, committed 6220K, reserved 1048576K
}
Event: 7.134 GC heap after
{Heap after GC invocations=9 (full 0):
 garbage-first heap   total 260096K, used 29323K [0x0000000080000000, 0x0000000100000000)
  region size 1024K, 13 young (13312K), 13 survivors (13312K)
 Metaspace       used 44749K, capacity 45850K, committed 46156K, reserved 1089536K
  class space    used 5750K, capacity 6146K, committed 6220K, reserved 1048576K
}
Event: 9.154 GC heap before
{Heap before GC invocations=9 (full 0):
 garbage-first heap   total 260096K, used 165515K [0x0000000080000000, 0x0000000100000000)
  region size 1024K, 143 young (146432K), 13 survivors (13312K)
 Metaspace       used 58689K, capacity 60166K, committed 60236K, reserved 1101824K
  class space    used 7416K, capacity 7976K, committed 8012K, reserved 1048576K
}
Event: 9.171 GC heap after
{Heap after GC invocations=10 (full 0):
 garbage-first heap   total 260096K, used 44474K [0x0000000080000000, 0x0000000100000000)
  region size 1024K, 18 young (18432K), 18 survivors (18432K)
 Metaspace       used 58689K, capacity 60166K, committed 60236K, reserved 1101824K
  class space    used 7416K, capacity 7976K, committed 8012K, reserved 1048576K
}
Event: 9.173 GC heap before
{Heap before GC invocations=10 (full 0):
 garbage-first heap   total 260096K, used 44474K [0x0000000080000000, 0x0000000100000000)
  region size 1024K, 19 young (19456K), 18 survivors (18432K)
 Metaspace       used 58697K, capacity 60166K, committed 60236K, reserved 1101824K
  class space    used 7417K, capacity 7976K, committed 8012K, reserved 1048576K
}
Event: 9.199 GC heap after
{Heap after GC invocations=11 (full 0):
 garbage-first heap   total 260096K, used 46291K [0x0000000080000000, 0x0000000100000000)
  region size 1024K, 3 young (3072K), 3 survivors (3072K)
 Metaspace       used 58697K, capacity 60166K, committed 60236K, reserved 1101824K
  class space    used 7417K, capacity 7976K, committed 8012K, reserved 1048576K
}
Event: 10.792 GC heap before
{Heap before GC invocations=12 (full 0):
 garbage-first heap   total 260096K, used 183507K [0x0000000080000000, 0x0000000100000000)
  region size 1024K, 137 young (140288K), 3 survivors (3072K)
 Metaspace       used 70215K, capacity 71900K, committed 72140K, reserved 1112064K
  class space    used 9049K, capacity 9663K, committed 9676K, reserved 1048576K
}
Event: 10.805 GC heap after
{Heap after GC invocations=13 (full 0):
 garbage-first heap   total 260096K, used 54142K [0x0000000080000000, 0x0000000100000000)
  region size 1024K, 10 young (10240K), 10 survivors (10240K)
 Metaspace       used 70215K, capacity 71900K, committed 72140K, reserved 1112064K
  class space    used 9049K, capacity 9663K, committed 9676K, reserved 1048576K
}
Event: 12.896 GC heap before
{Heap before GC invocations=14 (full 0):
 garbage-first heap   total 260096K, used 190334K [0x0000000080000000, 0x0000000100000000)
  region size 1024K, 144 young (147456K), 10 survivors (10240K)
 Metaspace       used 81685K, capacity 83890K, committed 84172K, reserved 1122304K
  class space    used 10608K, capacity 11420K, committed 11468K, reserved 1048576K
}
Event: 12.913 GC heap after
{Heap after GC invocations=15 (full 0):
 garbage-first heap   total 260096K, used 65084K [0x0000000080000000, 0x0000000100000000)
  region size 1024K, 11 young (11264K), 11 survivors (11264K)
 Metaspace       used 81685K, capacity 83890K, committed 84172K, reserved 1122304K
  class space    used 10608K, capacity 11420K, committed 11468K, reserved 1048576K
}
Event: 14.047 GC heap before
{Heap before GC invocations=15 (full 0):
 garbage-first heap   total 260096K, used 194108K [0x0000000080000000, 0x0000000100000000)
  region size 1024K, 138 young (141312K), 11 survivors (11264K)
 Metaspace       used 84191K, capacity 86531K, committed 86732K, reserved 1124352K
  class space    used 10867K, capacity 11712K, committed 11724K, reserved 1048576K
}
Event: 14.065 GC heap after
{Heap after GC invocations=16 (full 0):
 garbage-first heap   total 260096K, used 73020K [0x0000000080000000, 0x0000000100000000)
  region size 1024K, 8 young (8192K), 8 survivors (8192K)
 Metaspace       used 84191K, capacity 86531K, committed 86732K, reserved 1124352K
  class space    used 10867K, capacity 11712K, committed 11724K, reserved 1048576K
}

