# JRE version: OpenJDK Runtime Environment (11.0.10) (build 11.0.10+0-b96-7249189)
# Java VM: OpenJDK 64-Bit Server VM (11.0.10+0-b96-7249189, mixed mode, tiered, compressed oops, g1 gc, windows-amd64)
Heap:
 garbage-first heap   total 260096K, used 204719K [0x0000000080000000, 0x0000000100000000)
  region size 1024K, 127 young (130048K), 8 survivors (8192K)
 Metaspace       used 89831K, capacity 92040K, committed 92364K, reserved 1128448K
  class space    used 11567K, capacity 12384K, committed 12492K, reserved 1048576K
GC Heap History (20 events):
Event: 6.073 GC heap before
{Heap before GC invocations=2 (full 0):
 garbage-first heap   total 260096K, used 58117K [0x0000000080000000, 0x0000000100000000)
  region size 1024K, 48 young (49152K), 1 survivors (1024K)
 Metaspace       used 15810K, capacity 16261K, committed 16384K, reserved 1062912K
  class space    used 1797K, capacity 1933K, committed 2048K, reserved 1048576K
}
Event: 6.079 GC heap after
{Heap after GC invocations=3 (full 0):
 garbage-first heap   total 260096K, used 15756K [0x0000000080000000, 0x0000000100000000)
  region size 1024K, 6 young (6144K), 6 survivors (6144K)
 Metaspace       used 15810K, capacity 16261K, committed 16384K, reserved 1062912K
  class space    used 1797K, capacity 1933K, committed 2048K, reserved 1048576K
}
Event: 6.996 GC heap before
{Heap before GC invocations=3 (full 0):
 garbage-first heap   total 260096K, used 50572K [0x0000000080000000, 0x0000000100000000)
  region size 1024K, 41 young (41984K), 6 survivors (6144K)
 Metaspace       used 20599K, capacity 21104K, committed 21248K, reserved 1067008K
  class space    used 2505K, capacity 2690K, committed 2816K, reserved 1048576K
}
Event: 7.006 GC heap after
{Heap after GC invocations=4 (full 0):
 garbage-first heap   total 260096K, used 17511K [0x0000000080000000, 0x0000000100000000)
  region size 1024K, 8 young (8192K), 8 survivors (8192K)
 Metaspace       used 20599K, capacity 21104K, committed 21248K, reserved 1067008K
  class space    used 2505K, capacity 2690K, committed 2816K, reserved 1048576K
}
Event: 8.938 GC heap before
{Heap before GC invocations=5 (full 0):
 garbage-first heap   total 260096K, used 92263K [0x0000000080000000, 0x0000000100000000)
  region size 1024K, 81 young (82944K), 8 survivors (8192K)
 Metaspace       used 27862K, capacity 28580K, committed 28800K, reserved 1075200K
  class space    used 3690K, capacity 3932K, committed 3968K, reserved 1048576K
}
Event: 8.947 GC heap after
{Heap after GC invocations=6 (full 0):
 garbage-first heap   total 260096K, used 19445K [0x0000000080000000, 0x0000000100000000)
  region size 1024K, 4 young (4096K), 4 survivors (4096K)
 Metaspace       used 27862K, capacity 28580K, committed 28800K, reserved 1075200K
  class space    used 3690K, capacity 3932K, committed 3968K, reserved 1048576K
}
Event: 10.311 GC heap before
{Heap before GC invocations=6 (full 0):
 garbage-first heap   total 260096K, used 56309K [0x0000000080000000, 0x0000000100000000)
  region size 1024K, 41 young (41984K), 4 survivors (4096K)
 Metaspace       used 35065K, capacity 35838K, committed 35840K, reserved 1081344K
  class space    used 4542K, capacity 4864K, committed 4864K, reserved 1048576K
}
Event: 10.327 GC heap after
{Heap after GC invocations=7 (full 0):
 garbage-first heap   total 260096K, used 22211K [0x0000000080000000, 0x0000000100000000)
  region size 1024K, 7 young (7168K), 7 survivors (7168K)
 Metaspace       used 35065K, capacity 35838K, committed 35840K, reserved 1081344K
  class space    used 4542K, capacity 4864K, committed 4864K, reserved 1048576K
}
Event: 13.258 GC heap before
{Heap before GC invocations=8 (full 0):
 garbage-first heap   total 260096K, used 136899K [0x0000000080000000, 0x0000000100000000)
  region size 1024K, 116 young (118784K), 7 survivors (7168K)
 Metaspace       used 43934K, capacity 44943K, committed 45260K, reserved 1089536K
  class space    used 5631K, capacity 5970K, committed 6092K, reserved 1048576K
}
Event: 13.279 GC heap after
{Heap after GC invocations=9 (full 0):
 garbage-first heap   total 260096K, used 28612K [0x0000000080000000, 0x0000000100000000)
  region size 1024K, 13 young (13312K), 13 survivors (13312K)
 Metaspace       used 43934K, capacity 44943K, committed 45260K, reserved 1089536K
  class space    used 5631K, capacity 5970K, committed 6092K, reserved 1048576K
}
Event: 17.340 GC heap before
{Heap before GC invocations=9 (full 0):
 garbage-first heap   total 260096K, used 157636K [0x0000000080000000, 0x0000000100000000)
  region size 1024K, 136 young (139264K), 13 survivors (13312K)
 Metaspace       used 55664K, capacity 57058K, committed 57292K, reserved 1099776K
  class space    used 7035K, capacity 7539K, committed 7628K, reserved 1048576K
}
Event: 17.364 GC heap after
{Heap after GC invocations=10 (full 0):
 garbage-first heap   total 260096K, used 43261K [0x0000000080000000, 0x0000000100000000)
  region size 1024K, 17 young (17408K), 17 survivors (17408K)
 Metaspace       used 55664K, capacity 57058K, committed 57292K, reserved 1099776K
  class space    used 7035K, capacity 7539K, committed 7628K, reserved 1048576K
}
Event: 18.197 GC heap before
{Heap before GC invocations=10 (full 0):
 garbage-first heap   total 260096K, used 61693K [0x0000000080000000, 0x0000000100000000)
  region size 1024K, 36 young (36864K), 17 survivors (17408K)
 Metaspace       used 58757K, capacity 60172K, committed 60236K, reserved 1101824K
  class space    used 7414K, capacity 7955K, committed 8012K, reserved 1048576K
}
Event: 18.243 GC heap after
{Heap after GC invocations=11 (full 0):
 garbage-first heap   total 260096K, used 45457K [0x0000000080000000, 0x0000000100000000)
  region size 1024K, 3 young (3072K), 3 survivors (3072K)
 Metaspace       used 58757K, capacity 60172K, committed 60236K, reserved 1101824K
  class space    used 7414K, capacity 7955K, committed 8012K, reserved 1048576K
}
Event: 21.504 GC heap before
{Heap before GC invocations=12 (full 0):
 garbage-first heap   total 260096K, used 171409K [0x0000000080000000, 0x0000000100000000)
  region size 1024K, 126 young (129024K), 3 survivors (3072K)
 Metaspace       used 69320K, capacity 70910K, committed 70988K, reserved 1110016K
  class space    used 8928K, capacity 9530K, committed 9548K, reserved 1048576K
}
Event: 21.517 GC heap after
{Heap after GC invocations=13 (full 0):
 garbage-first heap   total 260096K, used 53079K [0x0000000080000000, 0x0000000100000000)
  region size 1024K, 11 young (11264K), 11 survivors (11264K)
 Metaspace       used 69320K, capacity 70910K, committed 70988K, reserved 1110016K
  class space    used 8928K, capacity 9530K, committed 9548K, reserved 1048576K
}
Event: 24.858 GC heap before
{Heap before GC invocations=13 (full 0):
 garbage-first heap   total 260096K, used 179031K [0x0000000080000000, 0x0000000100000000)
  region size 1024K, 135 young (138240K), 11 survivors (11264K)
 Metaspace       used 81369K, capacity 83404K, committed 83532K, reserved 1122304K
  class space    used 10521K, capacity 11270K, committed 11340K, reserved 1048576K
}
Event: 24.883 GC heap after
{Heap after GC invocations=14 (full 0):
 garbage-first heap   total 260096K, used 63353K [0x0000000080000000, 0x0000000100000000)
  region size 1024K, 11 young (11264K), 11 survivors (11264K)
 Metaspace       used 81369K, capacity 83404K, committed 83532K, reserved 1122304K
  class space    used 10521K, capacity 11270K, committed 11340K, reserved 1048576K
}
Event: 27.330 GC heap before
{Heap before GC invocations=14 (full 0):
 garbage-first heap   total 260096K, used 187257K [0x0000000080000000, 0x0000000100000000)
  region size 1024K, 133 young (136192K), 11 survivors (11264K)
 Metaspace       used 83432K, capacity 85629K, committed 85836K, reserved 1124352K
  class space    used 10726K, capacity 11540K, committed 11596K, reserved 1048576K
}
Event: 27.351 GC heap after
{Heap after GC invocations=15 (full 0):
 garbage-first heap   total 260096K, used 71599K [0x0000000080000000, 0x0000000100000000)
  region size 1024K, 8 young (8192K), 8 survivors (8192K)
 Metaspace       used 83432K, capacity 85629K, committed 85836K, reserved 1124352K
  class space    used 10726K, capacity 11540K, committed 11596K, reserved 1048576K
}

