# JRE version: OpenJDK Runtime Environment (11.0.10) (build 11.0.10+0-b96-7249189)
# Java VM: OpenJDK 64-Bit Server VM (11.0.10+0-b96-7249189, mixed mode, tiered, compressed oops, g1 gc, windows-amd64)
Heap:
 garbage-first heap   total 260096K, used 105420K [0x0000000080000000, 0x0000000100000000)
  region size 1024K, 35 young (35840K), 11 survivors (11264K)
 Metaspace       used 89967K, capacity 92355K, committed 92492K, reserved 1128448K
  class space    used 11645K, capacity 12518K, committed 12620K, reserved 1048576K
GC Heap History (20 events):
Event: 5.113 GC heap before
{Heap before GC invocations=4 (full 0):
 garbage-first heap   total 260096K, used 88873K [0x0000000080000000, 0x0000000100000000)
  region size 1024K, 71 young (72704K), 1 survivors (1024K)
 Metaspace       used 29997K, capacity 30755K, committed 30976K, reserved 1075200K
  class space    used 4021K, capacity 4274K, committed 4352K, reserved 1048576K
}
Event: 5.117 GC heap after
{Heap after GC invocations=5 (full 0):
 garbage-first heap   total 260096K, used 19394K [0x0000000080000000, 0x0000000100000000)
  region size 1024K, 4 young (4096K), 4 survivors (4096K)
 Metaspace       used 29997K, capacity 30755K, committed 30976K, reserved 1075200K
  class space    used 4021K, capacity 4274K, committed 4352K, reserved 1048576K
}
Event: 5.615 GC heap before
{Heap before GC invocations=5 (full 0):
 garbage-first heap   total 260096K, used 34754K [0x0000000080000000, 0x0000000100000000)
  region size 1024K, 21 young (21504K), 4 survivors (4096K)
 Metaspace       used 35069K, capacity 35838K, committed 35840K, reserved 1081344K
  class space    used 4546K, capacity 4864K, committed 4864K, reserved 1048576K
}
Event: 5.626 GC heap after
{Heap after GC invocations=6 (full 0):
 garbage-first heap   total 260096K, used 21797K [0x0000000080000000, 0x0000000100000000)
  region size 1024K, 6 young (6144K), 6 survivors (6144K)
 Metaspace       used 35069K, capacity 35838K, committed 35840K, reserved 1081344K
  class space    used 4546K, capacity 4864K, committed 4864K, reserved 1048576K
}
Event: 6.944 GC heap before
{Heap before GC invocations=7 (full 0):
 garbage-first heap   total 260096K, used 142629K [0x0000000080000000, 0x0000000100000000)
  region size 1024K, 121 young (123904K), 6 survivors (6144K)
 Metaspace       used 44501K, capacity 45571K, committed 45900K, reserved 1089536K
  class space    used 5710K, capacity 6114K, committed 6220K, reserved 1048576K
}
Event: 6.956 GC heap after
{Heap after GC invocations=8 (full 0):
 garbage-first heap   total 260096K, used 28924K [0x0000000080000000, 0x0000000100000000)
  region size 1024K, 13 young (13312K), 13 survivors (13312K)
 Metaspace       used 44501K, capacity 45571K, committed 45900K, reserved 1089536K
  class space    used 5710K, capacity 6114K, committed 6220K, reserved 1048576K
}
Event: 8.902 GC heap before
{Heap before GC invocations=8 (full 0):
 garbage-first heap   total 260096K, used 163068K [0x0000000080000000, 0x0000000100000000)
  region size 1024K, 140 young (143360K), 13 survivors (13312K)
 Metaspace       used 57334K, capacity 58785K, committed 58956K, reserved 1099776K
  class space    used 7238K, capacity 7749K, committed 7756K, reserved 1048576K
}
Event: 8.920 GC heap after
{Heap after GC invocations=9 (full 0):
 garbage-first heap   total 260096K, used 42614K [0x0000000080000000, 0x0000000100000000)
  region size 1024K, 18 young (18432K), 18 survivors (18432K)
 Metaspace       used 57334K, capacity 58785K, committed 58956K, reserved 1099776K
  class space    used 7238K, capacity 7749K, committed 7756K, reserved 1048576K
}
Event: 9.049 GC heap before
{Heap before GC invocations=9 (full 0):
 garbage-first heap   total 260096K, used 47734K [0x0000000080000000, 0x0000000100000000)
  region size 1024K, 24 young (24576K), 18 survivors (18432K)
 Metaspace       used 58712K, capacity 60183K, committed 60236K, reserved 1101824K
  class space    used 7426K, capacity 7980K, committed 8012K, reserved 1048576K
}
Event: 9.076 GC heap after
{Heap after GC invocations=10 (full 0):
 garbage-first heap   total 260096K, used 45069K [0x0000000080000000, 0x0000000100000000)
  region size 1024K, 3 young (3072K), 3 survivors (3072K)
 Metaspace       used 58712K, capacity 60183K, committed 60236K, reserved 1101824K
  class space    used 7426K, capacity 7980K, committed 8012K, reserved 1048576K
}
Event: 9.962 GC heap before
{Heap before GC invocations=11 (full 0):
 garbage-first heap   total 260096K, used 130061K [0x0000000080000000, 0x0000000100000000)
  region size 1024K, 86 young (88064K), 3 survivors (3072K)
 Metaspace       used 64410K, capacity 66039K, committed 66124K, reserved 1105920K
  class space    used 8162K, capacity 8766K, committed 8780K, reserved 1048576K
}
Event: 9.970 GC heap after
{Heap after GC invocations=12 (full 0):
 garbage-first heap   total 260096K, used 50457K [0x0000000080000000, 0x0000000100000000)
  region size 1024K, 8 young (8192K), 8 survivors (8192K)
 Metaspace       used 64410K, capacity 66039K, committed 66124K, reserved 1105920K
  class space    used 8162K, capacity 8766K, committed 8780K, reserved 1048576K
}
Event: 11.211 GC heap before
{Heap before GC invocations=12 (full 0):
 garbage-first heap   total 260096K, used 142617K [0x0000000080000000, 0x0000000100000000)
  region size 1024K, 98 young (100352K), 8 survivors (8192K)
 Metaspace       used 74154K, capacity 75856K, committed 76236K, reserved 1116160K
  class space    used 9664K, capacity 10307K, committed 10444K, reserved 1048576K
}
Event: 11.220 GC heap after
{Heap after GC invocations=13 (full 0):
 garbage-first heap   total 260096K, used 55780K [0x0000000080000000, 0x0000000100000000)
  region size 1024K, 6 young (6144K), 6 survivors (6144K)
 Metaspace       used 74154K, capacity 75856K, committed 76236K, reserved 1116160K
  class space    used 9664K, capacity 10307K, committed 10444K, reserved 1048576K
}
Event: 12.590 GC heap before
{Heap before GC invocations=13 (full 0):
 garbage-first heap   total 260096K, used 152036K [0x0000000080000000, 0x0000000100000000)
  region size 1024K, 101 young (103424K), 6 survivors (6144K)
 Metaspace       used 81779K, capacity 84010K, committed 84300K, reserved 1122304K
  class space    used 10632K, capacity 11478K, committed 11596K, reserved 1048576K
}
Event: 12.604 GC heap after
{Heap after GC invocations=14 (full 0):
 garbage-first heap   total 260096K, used 63956K [0x0000000080000000, 0x0000000100000000)
  region size 1024K, 13 young (13312K), 13 survivors (13312K)
 Metaspace       used 81779K, capacity 84010K, committed 84300K, reserved 1122304K
  class space    used 10632K, capacity 11478K, committed 11596K, reserved 1048576K
}
Event: 13.654 GC heap before
{Heap before GC invocations=14 (full 0):
 garbage-first heap   total 260096K, used 163284K [0x0000000080000000, 0x0000000100000000)
  region size 1024K, 111 young (113664K), 13 survivors (13312K)
 Metaspace       used 83420K, capacity 85806K, committed 85964K, reserved 1124352K
  class space    used 10778K, capacity 11642K, committed 11724K, reserved 1048576K
}
Event: 13.676 GC heap after
{Heap after GC invocations=15 (full 0):
 garbage-first heap   total 260096K, used 70708K [0x0000000080000000, 0x0000000100000000)
  region size 1024K, 7 young (7168K), 7 survivors (7168K)
 Metaspace       used 83420K, capacity 85806K, committed 85964K, reserved 1124352K
  class space    used 10778K, capacity 11642K, committed 11724K, reserved 1048576K
}
Event: 14.339 GC heap before
{Heap before GC invocations=15 (full 0):
 garbage-first heap   total 260096K, used 174132K [0x0000000080000000, 0x0000000100000000)
  region size 1024K, 106 young (108544K), 7 survivors (7168K)
 Metaspace       used 86800K, capacity 89170K, committed 89420K, reserved 1126400K
  class space    used 11218K, capacity 12072K, committed 12108K, reserved 1048576K
}
Event: 14.352 GC heap after
{Heap after GC invocations=16 (full 0):
 garbage-first heap   total 260096K, used 77772K [0x0000000080000000, 0x0000000100000000)
  region size 1024K, 11 young (11264K), 11 survivors (11264K)
 Metaspace       used 86800K, capacity 89170K, committed 89420K, reserved 1126400K
  class space    used 11218K, capacity 12072K, committed 12108K, reserved 1048576K
}

