# JRE version: OpenJDK Runtime Environment (11.0.10) (build 11.0.10+0-b96-7249189)
# Java VM: OpenJDK 64-Bit Server VM (11.0.10+0-b96-7249189, mixed mode, tiered, compressed oops, g1 gc, windows-amd64)
Heap:
 garbage-first heap   total 260096K, used 126761K [0x0000000080000000, 0x0000000100000000)
  region size 1024K, 59 young (60416K), 13 survivors (13312K)
 Metaspace       used 89571K, capacity 91779K, committed 91980K, reserved 1128448K
  class space    used 11529K, capacity 12341K, committed 12364K, reserved 1048576K
GC Heap History (20 events):
Event: 6.525 GC heap before
{Heap before GC invocations=3 (full 0):
 garbage-first heap   total 260096K, used 38929K [0x0000000080000000, 0x0000000100000000)
  region size 1024K, 32 young (32768K), 10 survivors (10240K)
 Metaspace       used 22472K, capacity 23138K, committed 23424K, reserved 1069056K
  class space    used 2859K, capacity 3074K, committed 3200K, reserved 1048576K
}
Event: 6.539 GC heap after
{Heap after GC invocations=4 (full 0):
 garbage-first heap   total 260096K, used 17239K [0x0000000080000000, 0x0000000100000000)
  region size 1024K, 1 young (1024K), 1 survivors (1024K)
 Metaspace       used 22472K, capacity 23138K, committed 23424K, reserved 1069056K
  class space    used 2859K, capacity 3074K, committed 3200K, reserved 1048576K
}
Event: 8.732 GC heap before
{Heap before GC invocations=4 (full 0):
 garbage-first heap   total 260096K, used 98135K [0x0000000080000000, 0x0000000100000000)
  region size 1024K, 80 young (81920K), 1 survivors (1024K)
 Metaspace       used 32315K, capacity 33085K, committed 33152K, reserved 1077248K
  class space    used 4219K, capacity 4476K, committed 4480K, reserved 1048576K
}
Event: 8.739 GC heap after
{Heap after GC invocations=5 (full 0):
 garbage-first heap   total 260096K, used 20728K [0x0000000080000000, 0x0000000100000000)
  region size 1024K, 5 young (5120K), 5 survivors (5120K)
 Metaspace       used 32315K, capacity 33085K, committed 33152K, reserved 1077248K
  class space    used 4219K, capacity 4476K, committed 4480K, reserved 1048576K
}
Event: 9.068 GC heap before
{Heap before GC invocations=5 (full 0):
 garbage-first heap   total 260096K, used 27896K [0x0000000080000000, 0x0000000100000000)
  region size 1024K, 14 young (14336K), 5 survivors (5120K)
 Metaspace       used 35069K, capacity 35838K, committed 35840K, reserved 1081344K
  class space    used 4542K, capacity 4864K, committed 4864K, reserved 1048576K
}
Event: 9.084 GC heap after
{Heap after GC invocations=6 (full 0):
 garbage-first heap   total 260096K, used 21924K [0x0000000080000000, 0x0000000100000000)
  region size 1024K, 6 young (6144K), 6 survivors (6144K)
 Metaspace       used 35069K, capacity 35838K, committed 35840K, reserved 1081344K
  class space    used 4542K, capacity 4864K, committed 4864K, reserved 1048576K
}
Event: 11.500 GC heap before
{Heap before GC invocations=7 (full 0):
 garbage-first heap   total 260096K, used 139684K [0x0000000080000000, 0x0000000100000000)
  region size 1024K, 118 young (120832K), 6 survivors (6144K)
 Metaspace       used 44196K, capacity 45236K, committed 45516K, reserved 1089536K
  class space    used 5666K, capacity 6004K, committed 6092K, reserved 1048576K
}
Event: 11.515 GC heap after
{Heap after GC invocations=8 (full 0):
 garbage-first heap   total 260096K, used 28994K [0x0000000080000000, 0x0000000100000000)
  region size 1024K, 13 young (13312K), 13 survivors (13312K)
 Metaspace       used 44196K, capacity 45236K, committed 45516K, reserved 1089536K
  class space    used 5666K, capacity 6004K, committed 6092K, reserved 1048576K
}
Event: 15.292 GC heap before
{Heap before GC invocations=8 (full 0):
 garbage-first heap   total 260096K, used 162114K [0x0000000080000000, 0x0000000100000000)
  region size 1024K, 139 young (142336K), 13 survivors (13312K)
 Metaspace       used 57030K, capacity 58411K, committed 58700K, reserved 1099776K
  class space    used 7177K, capacity 7664K, committed 7756K, reserved 1048576K
}
Event: 15.320 GC heap after
{Heap after GC invocations=9 (full 0):
 garbage-first heap   total 260096K, used 42935K [0x0000000080000000, 0x0000000100000000)
  region size 1024K, 18 young (18432K), 18 survivors (18432K)
 Metaspace       used 57030K, capacity 58411K, committed 58700K, reserved 1099776K
  class space    used 7177K, capacity 7664K, committed 7756K, reserved 1048576K
}
Event: 15.624 GC heap before
{Heap before GC invocations=9 (full 0):
 garbage-first heap   total 260096K, used 51127K [0x0000000080000000, 0x0000000100000000)
  region size 1024K, 27 young (27648K), 18 survivors (18432K)
 Metaspace       used 58668K, capacity 60104K, committed 60236K, reserved 1101824K
  class space    used 7411K, capacity 7932K, committed 8012K, reserved 1048576K
}
Event: 15.663 GC heap after
{Heap after GC invocations=10 (full 0):
 garbage-first heap   total 260096K, used 45078K [0x0000000080000000, 0x0000000100000000)
  region size 1024K, 3 young (3072K), 3 survivors (3072K)
 Metaspace       used 58668K, capacity 60104K, committed 60236K, reserved 1101824K
  class space    used 7411K, capacity 7932K, committed 8012K, reserved 1048576K
}
Event: 18.433 GC heap before
{Heap before GC invocations=11 (full 0):
 garbage-first heap   total 260096K, used 154646K [0x0000000080000000, 0x0000000100000000)
  region size 1024K, 110 young (112640K), 3 survivors (3072K)
 Metaspace       used 67117K, capacity 68748K, committed 68812K, reserved 1110016K
  class space    used 8546K, capacity 9111K, committed 9164K, reserved 1048576K
}
Event: 18.446 GC heap after
{Heap after GC invocations=12 (full 0):
 garbage-first heap   total 260096K, used 51660K [0x0000000080000000, 0x0000000100000000)
  region size 1024K, 10 young (10240K), 10 survivors (10240K)
 Metaspace       used 67117K, capacity 68748K, committed 68812K, reserved 1110016K
  class space    used 8546K, capacity 9111K, committed 9164K, reserved 1048576K
}
Event: 21.566 GC heap before
{Heap before GC invocations=12 (full 0):
 garbage-first heap   total 260096K, used 165324K [0x0000000080000000, 0x0000000100000000)
  region size 1024K, 121 young (123904K), 10 survivors (10240K)
 Metaspace       used 79172K, capacity 81002K, committed 81356K, reserved 1120256K
  class space    used 10173K, capacity 10833K, committed 10956K, reserved 1048576K
}
Event: 21.592 GC heap after
{Heap after GC invocations=13 (full 0):
 garbage-first heap   total 260096K, used 60815K [0x0000000080000000, 0x0000000100000000)
  region size 1024K, 10 young (10240K), 10 survivors (10240K)
 Metaspace       used 79172K, capacity 81002K, committed 81356K, reserved 1120256K
  class space    used 10173K, capacity 10833K, committed 10956K, reserved 1048576K
}
Event: 24.484 GC heap before
{Heap before GC invocations=13 (full 0):
 garbage-first heap   total 260096K, used 173455K [0x0000000080000000, 0x0000000100000000)
  region size 1024K, 121 young (123904K), 10 survivors (10240K)
 Metaspace       used 82638K, capacity 84739K, committed 84940K, reserved 1122304K
  class space    used 10628K, capacity 11435K, committed 11468K, reserved 1048576K
}
Event: 24.511 GC heap after
{Heap after GC invocations=14 (full 0):
 garbage-first heap   total 260096K, used 69032K [0x0000000080000000, 0x0000000100000000)
  region size 1024K, 8 young (8192K), 8 survivors (8192K)
 Metaspace       used 82638K, capacity 84739K, committed 84940K, reserved 1122304K
  class space    used 10628K, capacity 11435K, committed 11468K, reserved 1048576K
}
Event: 25.861 GC heap before
{Heap before GC invocations=14 (full 0):
 garbage-first heap   total 260096K, used 182696K [0x0000000080000000, 0x0000000100000000)
  region size 1024K, 120 young (122880K), 8 survivors (8192K)
 Metaspace       used 85587K, capacity 87803K, committed 87884K, reserved 1126400K
  class space    used 11021K, capacity 11831K, committed 11852K, reserved 1048576K
}
Event: 25.880 GC heap after
{Heap after GC invocations=15 (full 0):
 garbage-first heap   total 260096K, used 73513K [0x0000000080000000, 0x0000000100000000)
  region size 1024K, 13 young (13312K), 13 survivors (13312K)
 Metaspace       used 85587K, capacity 87803K, committed 87884K, reserved 1126400K
  class space    used 11021K, capacity 11831K, committed 11852K, reserved 1048576K
}

