# JRE version: OpenJDK Runtime Environment (11.0.10) (build 11.0.10+0-b96-7249189)
# Java VM: OpenJDK 64-Bit Server VM (11.0.10+0-b96-7249189, mixed mode, tiered, compressed oops, g1 gc, windows-amd64)
Heap:
 garbage-first heap   total 260096K, used 173652K [0x0000000080000000, 0x0000000100000000)
  region size 1024K, 100 young (102400K), 7 survivors (7168K)
 Metaspace       used 89297K, capacity 91685K, committed 91852K, reserved 1128448K
  class space    used 11538K, capacity 12398K, committed 12492K, reserved 1048576K
GC Heap History (20 events):
Event: 6.049 GC heap before
{Heap before GC invocations=3 (full 0):
 garbage-first heap   total 260096K, used 39107K [0x0000000080000000, 0x0000000100000000)
  region size 1024K, 32 young (32768K), 10 survivors (10240K)
 Metaspace       used 22485K, capacity 23074K, committed 23424K, reserved 1069056K
  class space    used 2862K, capacity 3074K, committed 3200K, reserved 1048576K
}
Event: 6.059 GC heap after
{Heap after GC invocations=4 (full 0):
 garbage-first heap   total 260096K, used 17499K [0x0000000080000000, 0x0000000100000000)
  region size 1024K, 2 young (2048K), 2 survivors (2048K)
 Metaspace       used 22485K, capacity 23074K, committed 23424K, reserved 1069056K
  class space    used 2862K, capacity 3074K, committed 3200K, reserved 1048576K
}
Event: 7.593 GC heap before
{Heap before GC invocations=4 (full 0):
 garbage-first heap   total 260096K, used 100443K [0x0000000080000000, 0x0000000100000000)
  region size 1024K, 83 young (84992K), 2 survivors (2048K)
 Metaspace       used 33855K, capacity 34626K, committed 34944K, reserved 1079296K
  class space    used 4399K, capacity 4672K, committed 4736K, reserved 1048576K
}
Event: 7.601 GC heap after
{Heap after GC invocations=5 (full 0):
 garbage-first heap   total 260096K, used 21335K [0x0000000080000000, 0x0000000100000000)
  region size 1024K, 5 young (5120K), 5 survivors (5120K)
 Metaspace       used 33855K, capacity 34626K, committed 34944K, reserved 1079296K
  class space    used 4399K, capacity 4672K, committed 4736K, reserved 1048576K
}
Event: 7.764 GC heap before
{Heap before GC invocations=5 (full 0):
 garbage-first heap   total 260096K, used 26455K [0x0000000080000000, 0x0000000100000000)
  region size 1024K, 12 young (12288K), 5 survivors (5120K)
 Metaspace       used 35083K, capacity 35837K, committed 35840K, reserved 1081344K
  class space    used 4544K, capacity 4864K, committed 4864K, reserved 1048576K
}
Event: 7.776 GC heap after
{Heap after GC invocations=6 (full 0):
 garbage-first heap   total 260096K, used 22061K [0x0000000080000000, 0x0000000100000000)
  region size 1024K, 6 young (6144K), 6 survivors (6144K)
 Metaspace       used 35083K, capacity 35837K, committed 35840K, reserved 1081344K
  class space    used 4544K, capacity 4864K, committed 4864K, reserved 1048576K
}
Event: 9.351 GC heap before
{Heap before GC invocations=7 (full 0):
 garbage-first heap   total 260096K, used 123437K [0x0000000080000000, 0x0000000100000000)
  region size 1024K, 102 young (104448K), 6 survivors (6144K)
 Metaspace       used 43136K, capacity 44157K, committed 44364K, reserved 1087488K
  class space    used 5501K, capacity 5855K, committed 5964K, reserved 1048576K
}
Event: 9.367 GC heap after
{Heap after GC invocations=8 (full 0):
 garbage-first heap   total 260096K, used 28092K [0x0000000080000000, 0x0000000100000000)
  region size 1024K, 12 young (12288K), 12 survivors (12288K)
 Metaspace       used 43136K, capacity 44157K, committed 44364K, reserved 1087488K
  class space    used 5501K, capacity 5855K, committed 5964K, reserved 1048576K
}
Event: 11.586 GC heap before
{Heap before GC invocations=8 (full 0):
 garbage-first heap   total 260096K, used 141756K [0x0000000080000000, 0x0000000100000000)
  region size 1024K, 120 young (122880K), 12 survivors (12288K)
 Metaspace       used 51355K, capacity 52716K, committed 52940K, reserved 1095680K
  class space    used 6545K, capacity 7008K, committed 7116K, reserved 1048576K
}
Event: 11.610 GC heap after
{Heap after GC invocations=9 (full 0):
 garbage-first heap   total 260096K, used 41300K [0x0000000080000000, 0x0000000100000000)
  region size 1024K, 15 young (15360K), 15 survivors (15360K)
 Metaspace       used 51355K, capacity 52716K, committed 52940K, reserved 1095680K
  class space    used 6545K, capacity 7008K, committed 7116K, reserved 1048576K
}
Event: 12.565 GC heap before
{Heap before GC invocations=9 (full 0):
 garbage-first heap   total 260096K, used 85332K [0x0000000080000000, 0x0000000100000000)
  region size 1024K, 59 young (60416K), 15 survivors (15360K)
 Metaspace       used 58709K, capacity 60153K, committed 60236K, reserved 1101824K
  class space    used 7417K, capacity 7971K, committed 8012K, reserved 1048576K
}
Event: 12.604 GC heap after
{Heap after GC invocations=10 (full 0):
 garbage-first heap   total 260096K, used 44614K [0x0000000080000000, 0x0000000100000000)
  region size 1024K, 3 young (3072K), 3 survivors (3072K)
 Metaspace       used 58709K, capacity 60153K, committed 60236K, reserved 1101824K
  class space    used 7417K, capacity 7971K, committed 8012K, reserved 1048576K
}
Event: 14.142 GC heap before
{Heap before GC invocations=11 (full 0):
 garbage-first heap   total 260096K, used 139846K [0x0000000080000000, 0x0000000100000000)
  region size 1024K, 96 young (98304K), 3 survivors (3072K)
 Metaspace       used 65391K, capacity 67005K, committed 67276K, reserved 1107968K
  class space    used 8264K, capacity 8853K, committed 8908K, reserved 1048576K
}
Event: 14.156 GC heap after
{Heap after GC invocations=12 (full 0):
 garbage-first heap   total 260096K, used 51299K [0x0000000080000000, 0x0000000100000000)
  region size 1024K, 10 young (10240K), 10 survivors (10240K)
 Metaspace       used 65391K, capacity 67005K, committed 67276K, reserved 1107968K
  class space    used 8264K, capacity 8853K, committed 8908K, reserved 1048576K
}
Event: 16.099 GC heap before
{Heap before GC invocations=12 (full 0):
 garbage-first heap   total 260096K, used 149603K [0x0000000080000000, 0x0000000100000000)
  region size 1024K, 106 young (108544K), 10 survivors (10240K)
 Metaspace       used 75478K, capacity 77282K, committed 77388K, reserved 1116160K
  class space    used 9822K, capacity 10479K, committed 10572K, reserved 1048576K
}
Event: 16.117 GC heap after
{Heap after GC invocations=13 (full 0):
 garbage-first heap   total 260096K, used 57694K [0x0000000080000000, 0x0000000100000000)
  region size 1024K, 7 young (7168K), 7 survivors (7168K)
 Metaspace       used 75478K, capacity 77282K, committed 77388K, reserved 1116160K
  class space    used 9822K, capacity 10479K, committed 10572K, reserved 1048576K
}
Event: 17.989 GC heap before
{Heap before GC invocations=13 (full 0):
 garbage-first heap   total 260096K, used 160094K [0x0000000080000000, 0x0000000100000000)
  region size 1024K, 108 young (110592K), 7 survivors (7168K)
 Metaspace       used 82054K, capacity 84292K, committed 84556K, reserved 1122304K
  class space    used 10635K, capacity 11476K, committed 11596K, reserved 1048576K
}
Event: 18.007 GC heap after
{Heap after GC invocations=14 (full 0):
 garbage-first heap   total 260096K, used 65907K [0x0000000080000000, 0x0000000100000000)
  region size 1024K, 14 young (14336K), 14 survivors (14336K)
 Metaspace       used 82054K, capacity 84292K, committed 84556K, reserved 1122304K
  class space    used 10635K, capacity 11476K, committed 11596K, reserved 1048576K
}
Event: 19.207 GC heap before
{Heap before GC invocations=14 (full 0):
 garbage-first heap   total 260096K, used 170355K [0x0000000080000000, 0x0000000100000000)
  region size 1024K, 117 young (119808K), 14 survivors (14336K)
 Metaspace       used 84216K, capacity 86535K, committed 86860K, reserved 1124352K
  class space    used 10885K, capacity 11733K, committed 11852K, reserved 1048576K
}
Event: 19.233 GC heap after
{Heap after GC invocations=15 (full 0):
 garbage-first heap   total 260096K, used 72276K [0x0000000080000000, 0x0000000100000000)
  region size 1024K, 7 young (7168K), 7 survivors (7168K)
 Metaspace       used 84216K, capacity 86535K, committed 86860K, reserved 1124352K
  class space    used 10885K, capacity 11733K, committed 11852K, reserved 1048576K
}

