# JRE version: OpenJDK Runtime Environment (11.0.10) (build 11.0.10+0-b96-7249189)
# Java VM: OpenJDK 64-Bit Server VM (11.0.10+0-b96-7249189, mixed mode, tiered, compressed oops, g1 gc, windows-amd64)
Heap:
 garbage-first heap   total 260096K, used 151169K [0x0000000080000000, 0x0000000100000000)
  region size 1024K, 78 young (79872K), 8 survivors (8192K)
 Metaspace       used 89524K, capacity 91881K, committed 92108K, reserved 1128448K
  class space    used 11567K, capacity 12443K, committed 12492K, reserved 1048576K
GC Heap History (20 events):
Event: 1.368 GC heap before
{Heap before GC invocations=0 (full 0):
 garbage-first heap   total 260096K, used 29696K [0x0000000080000000, 0x0000000100000000)
  region size 1024K, 24 young (24576K), 0 survivors (0K)
 Metaspace       used 10142K, capacity 10341K, committed 10624K, reserved 1058816K
  class space    used 1061K, capacity 1107K, committed 1152K, reserved 1048576K
}
Event: 1.374 GC heap after
{Heap after GC invocations=1 (full 0):
 garbage-first heap   total 260096K, used 9470K [0x0000000080000000, 0x0000000100000000)
  region size 1024K, 3 young (3072K), 3 survivors (3072K)
 Metaspace       used 10142K, capacity 10341K, committed 10624K, reserved 1058816K
  class space    used 1061K, capacity 1107K, committed 1152K, reserved 1048576K
}
Event: 4.522 GC heap before
{Heap before GC invocations=1 (full 0):
 garbage-first heap   total 260096K, used 106750K [0x0000000080000000, 0x0000000100000000)
  region size 1024K, 98 young (100352K), 3 survivors (3072K)
 Metaspace       used 20589K, capacity 21104K, committed 21248K, reserved 1067008K
  class space    used 2509K, capacity 2690K, committed 2816K, reserved 1048576K
}
Event: 4.535 GC heap after
{Heap after GC invocations=2 (full 0):
 garbage-first heap   total 260096K, used 17148K [0x0000000080000000, 0x0000000100000000)
  region size 1024K, 11 young (11264K), 11 survivors (11264K)
 Metaspace       used 20589K, capacity 21104K, committed 21248K, reserved 1067008K
  class space    used 2509K, capacity 2690K, committed 2816K, reserved 1048576K
}
Event: 5.331 GC heap before
{Heap before GC invocations=3 (full 0):
 garbage-first heap   total 260096K, used 78588K [0x0000000080000000, 0x0000000100000000)
  region size 1024K, 71 young (72704K), 11 survivors (11264K)
 Metaspace       used 26520K, capacity 27273K, committed 27392K, reserved 1073152K
  class space    used 3484K, capacity 3754K, committed 3840K, reserved 1048576K
}
Event: 5.340 GC heap after
{Heap after GC invocations=4 (full 0):
 garbage-first heap   total 260096K, used 18998K [0x0000000080000000, 0x0000000100000000)
  region size 1024K, 3 young (3072K), 3 survivors (3072K)
 Metaspace       used 26520K, capacity 27273K, committed 27392K, reserved 1073152K
  class space    used 3484K, capacity 3754K, committed 3840K, reserved 1048576K
}
Event: 6.376 GC heap before
{Heap before GC invocations=4 (full 0):
 garbage-first heap   total 260096K, used 67126K [0x0000000080000000, 0x0000000100000000)
  region size 1024K, 52 young (53248K), 3 survivors (3072K)
 Metaspace       used 35086K, capacity 35838K, committed 35840K, reserved 1081344K
  class space    used 4543K, capacity 4864K, committed 4864K, reserved 1048576K
}
Event: 6.388 GC heap after
{Heap after GC invocations=5 (full 0):
 garbage-first heap   total 260096K, used 22036K [0x0000000080000000, 0x0000000100000000)
  region size 1024K, 6 young (6144K), 6 survivors (6144K)
 Metaspace       used 35086K, capacity 35838K, committed 35840K, reserved 1081344K
  class space    used 4543K, capacity 4864K, committed 4864K, reserved 1048576K
}
Event: 7.896 GC heap before
{Heap before GC invocations=6 (full 0):
 garbage-first heap   total 260096K, used 139796K [0x0000000080000000, 0x0000000100000000)
  region size 1024K, 118 young (120832K), 6 survivors (6144K)
 Metaspace       used 44208K, capacity 45178K, committed 45516K, reserved 1089536K
  class space    used 5669K, capacity 6005K, committed 6092K, reserved 1048576K
}
Event: 7.910 GC heap after
{Heap after GC invocations=7 (full 0):
 garbage-first heap   total 260096K, used 29184K [0x0000000080000000, 0x0000000100000000)
  region size 1024K, 13 young (13312K), 13 survivors (13312K)
 Metaspace       used 44208K, capacity 45178K, committed 45516K, reserved 1089536K
  class space    used 5669K, capacity 6005K, committed 6092K, reserved 1048576K
}
Event: 10.338 GC heap before
{Heap before GC invocations=7 (full 0):
 garbage-first heap   total 260096K, used 167424K [0x0000000080000000, 0x0000000100000000)
  region size 1024K, 145 young (148480K), 13 survivors (13312K)
 Metaspace       used 57457K, capacity 58842K, committed 58956K, reserved 1099776K
  class space    used 7259K, capacity 7748K, committed 7756K, reserved 1048576K
}
Event: 10.362 GC heap after
{Heap after GC invocations=8 (full 0):
 garbage-first heap   total 260096K, used 43757K [0x0000000080000000, 0x0000000100000000)
  region size 1024K, 18 young (18432K), 18 survivors (18432K)
 Metaspace       used 57457K, capacity 58842K, committed 58956K, reserved 1099776K
  class space    used 7259K, capacity 7748K, committed 7756K, reserved 1048576K
}
Event: 10.519 GC heap before
{Heap before GC invocations=8 (full 0):
 garbage-first heap   total 260096K, used 47853K [0x0000000080000000, 0x0000000100000000)
  region size 1024K, 23 young (23552K), 18 survivors (18432K)
 Metaspace       used 58645K, capacity 60134K, committed 60236K, reserved 1101824K
  class space    used 7409K, capacity 7943K, committed 8012K, reserved 1048576K
}
Event: 10.552 GC heap after
{Heap after GC invocations=9 (full 0):
 garbage-first heap   total 260096K, used 44861K [0x0000000080000000, 0x0000000100000000)
  region size 1024K, 2 young (2048K), 2 survivors (2048K)
 Metaspace       used 58645K, capacity 60134K, committed 60236K, reserved 1101824K
  class space    used 7409K, capacity 7943K, committed 8012K, reserved 1048576K
}
Event: 12.664 GC heap before
{Heap before GC invocations=10 (full 0):
 garbage-first heap   total 260096K, used 197437K [0x0000000080000000, 0x0000000100000000)
  region size 1024K, 151 young (154624K), 2 survivors (2048K)
 Metaspace       used 71454K, capacity 73136K, committed 73420K, reserved 1112064K
  class space    used 9234K, capacity 9858K, committed 9932K, reserved 1048576K
}
Event: 12.677 GC heap after
{Heap after GC invocations=11 (full 0):
 garbage-first heap   total 260096K, used 54397K [0x0000000080000000, 0x0000000100000000)
  region size 1024K, 12 young (12288K), 12 survivors (12288K)
 Metaspace       used 71454K, capacity 73136K, committed 73420K, reserved 1112064K
  class space    used 9234K, capacity 9858K, committed 9932K, reserved 1048576K
}
Event: 14.805 GC heap before
{Heap before GC invocations=11 (full 0):
 garbage-first heap   total 260096K, used 194685K [0x0000000080000000, 0x0000000100000000)
  region size 1024K, 150 young (153600K), 12 survivors (12288K)
 Metaspace       used 81950K, capacity 84240K, committed 84428K, reserved 1122304K
  class space    used 10633K, capacity 11446K, committed 11468K, reserved 1048576K
}
Event: 14.830 GC heap after
{Heap after GC invocations=12 (full 0):
 garbage-first heap   total 260096K, used 66069K [0x0000000080000000, 0x0000000100000000)
  region size 1024K, 12 young (12288K), 12 survivors (12288K)
 Metaspace       used 81950K, capacity 84240K, committed 84428K, reserved 1122304K
  class space    used 10633K, capacity 11446K, committed 11468K, reserved 1048576K
}
Event: 16.050 GC heap before
{Heap before GC invocations=12 (full 0):
 garbage-first heap   total 260096K, used 200213K [0x0000000080000000, 0x0000000100000000)
  region size 1024K, 144 young (147456K), 12 survivors (12288K)
 Metaspace       used 84868K, capacity 87172K, committed 87372K, reserved 1124352K
  class space    used 10968K, capacity 11839K, committed 11852K, reserved 1048576K
}
Event: 16.075 GC heap after
{Heap after GC invocations=13 (full 0):
 garbage-first heap   total 260096K, used 73345K [0x0000000080000000, 0x0000000100000000)
  region size 1024K, 8 young (8192K), 8 survivors (8192K)
 Metaspace       used 84868K, capacity 87172K, committed 87372K, reserved 1124352K
  class space    used 10968K, capacity 11839K, committed 11852K, reserved 1048576K
}

