# JRE version: OpenJDK Runtime Environment (11.0.10) (build 11.0.10+0-b96-7249189)
# Java VM: OpenJDK 64-Bit Server VM (11.0.10+0-b96-7249189, mixed mode, tiered, compressed oops, g1 gc, windows-amd64)
Heap:
 garbage-first heap   total 260096K, used 188406K [0x0000000080000000, 0x0000000100000000)
  region size 1024K, 113 young (115712K), 7 survivors (7168K)
 Metaspace       used 91159K, capacity 93511K, committed 93824K, reserved 1130496K
  class space    used 11753K, capacity 12598K, committed 12672K, reserved 1048576K
GC Heap History (18 events):
Event: 1.296 GC heap before
{Heap before GC invocations=0 (full 0):
 garbage-first heap   total 260096K, used 29696K [0x0000000080000000, 0x0000000100000000)
  region size 1024K, 24 young (24576K), 0 survivors (0K)
 Metaspace       used 10182K, capacity 10405K, committed 10624K, reserved 1058816K
  class space    used 1062K, capacity 1107K, committed 1152K, reserved 1048576K
}
Event: 1.304 GC heap after
{Heap after GC invocations=1 (full 0):
 garbage-first heap   total 260096K, used 9464K [0x0000000080000000, 0x0000000100000000)
  region size 1024K, 3 young (3072K), 3 survivors (3072K)
 Metaspace       used 10182K, capacity 10405K, committed 10624K, reserved 1058816K
  class space    used 1062K, capacity 1107K, committed 1152K, reserved 1048576K
}
Event: 4.825 GC heap before
{Heap before GC invocations=1 (full 0):
 garbage-first heap   total 260096K, used 105720K [0x0000000080000000, 0x0000000100000000)
  region size 1024K, 98 young (100352K), 3 survivors (3072K)
 Metaspace       used 20564K, capacity 21104K, committed 21248K, reserved 1067008K
  class space    used 2504K, capacity 2690K, committed 2816K, reserved 1048576K
}
Event: 4.840 GC heap after
{Heap after GC invocations=2 (full 0):
 garbage-first heap   total 260096K, used 16771K [0x0000000080000000, 0x0000000100000000)
  region size 1024K, 11 young (11264K), 11 survivors (11264K)
 Metaspace       used 20564K, capacity 21104K, committed 21248K, reserved 1067008K
  class space    used 2504K, capacity 2690K, committed 2816K, reserved 1048576K
}
Event: 5.134 GC heap before
{Heap before GC invocations=3 (full 0):
 garbage-first heap   total 260096K, used 39299K [0x0000000080000000, 0x0000000100000000)
  region size 1024K, 33 young (33792K), 11 survivors (11264K)
 Metaspace       used 22468K, capacity 23074K, committed 23424K, reserved 1069056K
  class space    used 2859K, capacity 3074K, committed 3200K, reserved 1048576K
}
Event: 5.142 GC heap after
{Heap after GC invocations=4 (full 0):
 garbage-first heap   total 260096K, used 17739K [0x0000000080000000, 0x0000000100000000)
  region size 1024K, 1 young (1024K), 1 survivors (1024K)
 Metaspace       used 22468K, capacity 23074K, committed 23424K, reserved 1069056K
  class space    used 2859K, capacity 3074K, committed 3200K, reserved 1048576K
}
Event: 6.907 GC heap before
{Heap before GC invocations=4 (full 0):
 garbage-first heap   total 260096K, used 106827K [0x0000000080000000, 0x0000000100000000)
  region size 1024K, 89 young (91136K), 1 survivors (1024K)
 Metaspace       used 35045K, capacity 35806K, committed 35840K, reserved 1081344K
  class space    used 4545K, capacity 4832K, committed 4864K, reserved 1048576K
}
Event: 6.920 GC heap after
{Heap after GC invocations=5 (full 0):
 garbage-first heap   total 260096K, used 22241K [0x0000000080000000, 0x0000000100000000)
  region size 1024K, 6 young (6144K), 6 survivors (6144K)
 Metaspace       used 35045K, capacity 35806K, committed 35840K, reserved 1081344K
  class space    used 4545K, capacity 4832K, committed 4864K, reserved 1048576K
}
Event: 8.821 GC heap before
{Heap before GC invocations=6 (full 0):
 garbage-first heap   total 260096K, used 141025K [0x0000000080000000, 0x0000000100000000)
  region size 1024K, 119 young (121856K), 6 survivors (6144K)
 Metaspace       used 44271K, capacity 45306K, committed 45568K, reserved 1089536K
  class space    used 5681K, capacity 6070K, committed 6144K, reserved 1048576K
}
Event: 8.841 GC heap after
{Heap after GC invocations=7 (full 0):
 garbage-first heap   total 260096K, used 28764K [0x0000000080000000, 0x0000000100000000)
  region size 1024K, 12 young (12288K), 12 survivors (12288K)
 Metaspace       used 44271K, capacity 45306K, committed 45568K, reserved 1089536K
  class space    used 5681K, capacity 6070K, committed 6144K, reserved 1048576K
}
Event: 11.888 GC heap before
{Heap before GC invocations=7 (full 0):
 garbage-first heap   total 260096K, used 168028K [0x0000000080000000, 0x0000000100000000)
  region size 1024K, 146 young (149504K), 12 survivors (12288K)
 Metaspace       used 58573K, capacity 60004K, committed 60160K, reserved 1101824K
  class space    used 7405K, capacity 7941K, committed 8064K, reserved 1048576K
}
Event: 11.946 GC heap after
{Heap after GC invocations=8 (full 0):
 garbage-first heap   total 260096K, used 44275K [0x0000000080000000, 0x0000000100000000)
  region size 1024K, 18 young (18432K), 18 survivors (18432K)
 Metaspace       used 58573K, capacity 60004K, committed 60160K, reserved 1101824K
  class space    used 7405K, capacity 7941K, committed 8064K, reserved 1048576K
}
Event: 14.467 GC heap before
{Heap before GC invocations=9 (full 0):
 garbage-first heap   total 260096K, used 181491K [0x0000000080000000, 0x0000000100000000)
  region size 1024K, 152 young (155648K), 18 survivors (18432K)
 Metaspace       used 70283K, capacity 71905K, committed 72192K, reserved 1112064K
  class space    used 9062K, capacity 9663K, committed 9728K, reserved 1048576K
}
Event: 14.497 GC heap after
{Heap after GC invocations=10 (full 0):
 garbage-first heap   total 260096K, used 54827K [0x0000000080000000, 0x0000000100000000)
  region size 1024K, 11 young (11264K), 11 survivors (11264K)
 Metaspace       used 70283K, capacity 71905K, committed 72192K, reserved 1112064K
  class space    used 9062K, capacity 9663K, committed 9728K, reserved 1048576K
}
Event: 17.567 GC heap before
{Heap before GC invocations=10 (full 0):
 garbage-first heap   total 260096K, used 194091K [0x0000000080000000, 0x0000000100000000)
  region size 1024K, 148 young (151552K), 11 survivors (11264K)
 Metaspace       used 81794K, capacity 84044K, committed 84224K, reserved 1122304K
  class space    used 10615K, capacity 11444K, committed 11520K, reserved 1048576K
}
Event: 17.605 GC heap after
{Heap after GC invocations=11 (full 0):
 garbage-first heap   total 260096K, used 66620K [0x0000000080000000, 0x0000000100000000)
  region size 1024K, 12 young (12288K), 12 survivors (12288K)
 Metaspace       used 81794K, capacity 84044K, committed 84224K, reserved 1122304K
  class space    used 10615K, capacity 11444K, committed 11520K, reserved 1048576K
}
Event: 20.020 GC heap before
{Heap before GC invocations=11 (full 0):
 garbage-first heap   total 260096K, used 198716K [0x0000000080000000, 0x0000000100000000)
  region size 1024K, 142 young (145408K), 12 survivors (12288K)
 Metaspace       used 87760K, capacity 90042K, committed 90368K, reserved 1128448K
  class space    used 11337K, capacity 12198K, committed 12288K, reserved 1048576K
}
Event: 20.046 GC heap after
{Heap after GC invocations=12 (full 0):
 garbage-first heap   total 260096K, used 73718K [0x0000000080000000, 0x0000000100000000)
  region size 1024K, 7 young (7168K), 7 survivors (7168K)
 Metaspace       used 87760K, capacity 90042K, committed 90368K, reserved 1128448K
  class space    used 11337K, capacity 12198K, committed 12288K, reserved 1048576K
}

