# JRE version: OpenJDK Runtime Environment (11.0.10) (build 11.0.10+0-b96-7249189)
# Java VM: OpenJDK 64-Bit Server VM (11.0.10+0-b96-7249189, mixed mode, tiered, compressed oops, g1 gc, windows-amd64)
Heap:
 garbage-first heap   total 260096K, used 181639K [0x0000000080000000, 0x0000000100000000)
  region size 1024K, 108 young (110592K), 7 survivors (7168K)
 Metaspace       used 89385K, capacity 91697K, committed 91852K, reserved 1128448K
  class space    used 11531K, capacity 12358K, committed 12492K, reserved 1048576K
GC Heap History (20 events):
Event: 5.087 GC heap before
{Heap before GC invocations=1 (full 0):
 garbage-first heap   total 260096K, used 106541K [0x0000000080000000, 0x0000000100000000)
  region size 1024K, 98 young (100352K), 3 survivors (3072K)
 Metaspace       used 20597K, capacity 21104K, committed 21248K, reserved 1067008K
  class space    used 2508K, capacity 2690K, committed 2816K, reserved 1048576K
}
Event: 5.103 GC heap after
{Heap after GC invocations=2 (full 0):
 garbage-first heap   total 260096K, used 16329K [0x0000000080000000, 0x0000000100000000)
  region size 1024K, 10 young (10240K), 10 survivors (10240K)
 Metaspace       used 20597K, capacity 21104K, committed 21248K, reserved 1067008K
  class space    used 2508K, capacity 2690K, committed 2816K, reserved 1048576K
}
Event: 6.366 GC heap before
{Heap before GC invocations=3 (full 0):
 garbage-first heap   total 260096K, used 76745K [0x0000000080000000, 0x0000000100000000)
  region size 1024K, 70 young (71680K), 10 survivors (10240K)
 Metaspace       used 26510K, capacity 27276K, committed 27392K, reserved 1073152K
  class space    used 3488K, capacity 3755K, committed 3840K, reserved 1048576K
}
Event: 6.379 GC heap after
{Heap after GC invocations=4 (full 0):
 garbage-first heap   total 260096K, used 18675K [0x0000000080000000, 0x0000000100000000)
  region size 1024K, 3 young (3072K), 3 survivors (3072K)
 Metaspace       used 26510K, capacity 27276K, committed 27392K, reserved 1073152K
  class space    used 3488K, capacity 3755K, committed 3840K, reserved 1048576K
}
Event: 8.139 GC heap before
{Heap before GC invocations=4 (full 0):
 garbage-first heap   total 260096K, used 67827K [0x0000000080000000, 0x0000000100000000)
  region size 1024K, 52 young (53248K), 3 survivors (3072K)
 Metaspace       used 35070K, capacity 35838K, committed 35840K, reserved 1081344K
  class space    used 4543K, capacity 4864K, committed 4864K, reserved 1048576K
}
Event: 8.152 GC heap after
{Heap after GC invocations=5 (full 0):
 garbage-first heap   total 260096K, used 21826K [0x0000000080000000, 0x0000000100000000)
  region size 1024K, 6 young (6144K), 6 survivors (6144K)
 Metaspace       used 35070K, capacity 35838K, committed 35840K, reserved 1081344K
  class space    used 4543K, capacity 4864K, committed 4864K, reserved 1048576K
}
Event: 10.179 GC heap before
{Heap before GC invocations=6 (full 0):
 garbage-first heap   total 260096K, used 134466K [0x0000000080000000, 0x0000000100000000)
  region size 1024K, 113 young (115712K), 6 survivors (6144K)
 Metaspace       used 43882K, capacity 44943K, committed 45260K, reserved 1089536K
  class space    used 5621K, capacity 5970K, committed 6092K, reserved 1048576K
}
Event: 10.196 GC heap after
{Heap after GC invocations=7 (full 0):
 garbage-first heap   total 260096K, used 28351K [0x0000000080000000, 0x0000000100000000)
  region size 1024K, 12 young (12288K), 12 survivors (12288K)
 Metaspace       used 43882K, capacity 44943K, committed 45260K, reserved 1089536K
  class space    used 5621K, capacity 5970K, committed 6092K, reserved 1048576K
}
Event: 13.326 GC heap before
{Heap before GC invocations=7 (full 0):
 garbage-first heap   total 260096K, used 169663K [0x0000000080000000, 0x0000000100000000)
  region size 1024K, 146 young (149504K), 12 survivors (12288K)
 Metaspace       used 57272K, capacity 58747K, committed 58956K, reserved 1099776K
  class space    used 7219K, capacity 7735K, committed 7756K, reserved 1048576K
}
Event: 13.350 GC heap after
{Heap after GC invocations=8 (full 0):
 garbage-first heap   total 260096K, used 42337K [0x0000000080000000, 0x0000000100000000)
  region size 1024K, 19 young (19456K), 19 survivors (19456K)
 Metaspace       used 57272K, capacity 58747K, committed 58956K, reserved 1099776K
  class space    used 7219K, capacity 7735K, committed 7756K, reserved 1048576K
}
Event: 13.567 GC heap before
{Heap before GC invocations=8 (full 0):
 garbage-first heap   total 260096K, used 48481K [0x0000000080000000, 0x0000000100000000)
  region size 1024K, 26 young (26624K), 19 survivors (19456K)
 Metaspace       used 58655K, capacity 60124K, committed 60236K, reserved 1101824K
  class space    used 7408K, capacity 7939K, committed 8012K, reserved 1048576K
}
Event: 13.607 GC heap after
{Heap after GC invocations=9 (full 0):
 garbage-first heap   total 260096K, used 45434K [0x0000000080000000, 0x0000000100000000)
  region size 1024K, 3 young (3072K), 3 survivors (3072K)
 Metaspace       used 58655K, capacity 60124K, committed 60236K, reserved 1101824K
  class space    used 7408K, capacity 7939K, committed 8012K, reserved 1048576K
}
Event: 15.096 GC heap before
{Heap before GC invocations=10 (full 0):
 garbage-first heap   total 260096K, used 135546K [0x0000000080000000, 0x0000000100000000)
  region size 1024K, 91 young (93184K), 3 survivors (3072K)
 Metaspace       used 64579K, capacity 66216K, committed 66380K, reserved 1107968K
  class space    used 8174K, capacity 8760K, committed 8780K, reserved 1048576K
}
Event: 15.108 GC heap after
{Heap after GC invocations=11 (full 0):
 garbage-first heap   total 260096K, used 50946K [0x0000000080000000, 0x0000000100000000)
  region size 1024K, 9 young (9216K), 9 survivors (9216K)
 Metaspace       used 64579K, capacity 66216K, committed 66380K, reserved 1107968K
  class space    used 8174K, capacity 8760K, committed 8780K, reserved 1048576K
}
Event: 17.199 GC heap before
{Heap before GC invocations=11 (full 0):
 garbage-first heap   total 260096K, used 147202K [0x0000000080000000, 0x0000000100000000)
  region size 1024K, 103 young (105472K), 9 survivors (9216K)
 Metaspace       used 76132K, capacity 77909K, committed 78284K, reserved 1116160K
  class space    used 9896K, capacity 10561K, committed 10700K, reserved 1048576K
}
Event: 17.215 GC heap after
{Heap after GC invocations=12 (full 0):
 garbage-first heap   total 260096K, used 56635K [0x0000000080000000, 0x0000000100000000)
  region size 1024K, 6 young (6144K), 6 survivors (6144K)
 Metaspace       used 76132K, capacity 77909K, committed 78284K, reserved 1116160K
  class space    used 9896K, capacity 10561K, committed 10700K, reserved 1048576K
}
Event: 19.128 GC heap before
{Heap before GC invocations=12 (full 0):
 garbage-first heap   total 260096K, used 159035K [0x0000000080000000, 0x0000000100000000)
  region size 1024K, 107 young (109568K), 6 survivors (6144K)
 Metaspace       used 81878K, capacity 84082K, committed 84172K, reserved 1122304K
  class space    used 10608K, capacity 11429K, committed 11468K, reserved 1048576K
}
Event: 19.151 GC heap after
{Heap after GC invocations=13 (full 0):
 garbage-first heap   total 260096K, used 65489K [0x0000000080000000, 0x0000000100000000)
  region size 1024K, 14 young (14336K), 14 survivors (14336K)
 Metaspace       used 81878K, capacity 84082K, committed 84172K, reserved 1122304K
  class space    used 10608K, capacity 11429K, committed 11468K, reserved 1048576K
}
Event: 20.564 GC heap before
{Heap before GC invocations=13 (full 0):
 garbage-first heap   total 260096K, used 168913K [0x0000000080000000, 0x0000000100000000)
  region size 1024K, 116 young (118784K), 14 survivors (14336K)
 Metaspace       used 83808K, capacity 86114K, committed 86220K, reserved 1124352K
  class space    used 10813K, capacity 11657K, committed 11724K, reserved 1048576K
}
Event: 20.588 GC heap after
{Heap after GC invocations=14 (full 0):
 garbage-first heap   total 260096K, used 72071K [0x0000000080000000, 0x0000000100000000)
  region size 1024K, 7 young (7168K), 7 survivors (7168K)
 Metaspace       used 83808K, capacity 86114K, committed 86220K, reserved 1124352K
  class space    used 10813K, capacity 11657K, committed 11724K, reserved 1048576K
}

