# JRE version: OpenJDK Runtime Environment (11.0.10) (build 11.0.10+0-b96-7249189)
# Java VM: OpenJDK 64-Bit Server VM (11.0.10+0-b96-7249189, mixed mode, tiered, compressed oops, g1 gc, windows-amd64)
Heap:
 garbage-first heap   total 260096K, used 191186K [0x0000000080000000, 0x0000000100000000)
  region size 1024K, 101 young (103424K), 16 survivors (16384K)
 Metaspace       used 94308K, capacity 96792K, committed 97100K, reserved 1134592K
  class space    used 11947K, capacity 12821K, committed 12876K, reserved 1048576K
GC Heap History (20 events):
Event: 5.335 GC heap before
{Heap before GC invocations=1 (full 0):
 garbage-first heap   total 260096K, used 106457K [0x0000000080000000, 0x0000000100000000)
  region size 1024K, 98 young (100352K), 3 survivors (3072K)
 Metaspace       used 20597K, capacity 21104K, committed 21248K, reserved 1067008K
  class space    used 2508K, capacity 2690K, committed 2816K, reserved 1048576K
}
Event: 5.354 GC heap after
{Heap after GC invocations=2 (full 0):
 garbage-first heap   total 260096K, used 17325K [0x0000000080000000, 0x0000000100000000)
  region size 1024K, 11 young (11264K), 11 survivors (11264K)
 Metaspace       used 20597K, capacity 21104K, committed 21248K, reserved 1067008K
  class space    used 2508K, capacity 2690K, committed 2816K, reserved 1048576K
}
Event: 5.859 GC heap before
{Heap before GC invocations=3 (full 0):
 garbage-first heap   total 260096K, used 44973K [0x0000000080000000, 0x0000000100000000)
  region size 1024K, 38 young (38912K), 11 survivors (11264K)
 Metaspace       used 23450K, capacity 24067K, committed 24192K, reserved 1071104K
  class space    used 2978K, capacity 3192K, committed 3200K, reserved 1048576K
}
Event: 5.872 GC heap after
{Heap after GC invocations=4 (full 0):
 garbage-first heap   total 260096K, used 17869K [0x0000000080000000, 0x0000000100000000)
  region size 1024K, 2 young (2048K), 2 survivors (2048K)
 Metaspace       used 23450K, capacity 24067K, committed 24192K, reserved 1071104K
  class space    used 2978K, capacity 3192K, committed 3200K, reserved 1048576K
}
Event: 7.485 GC heap before
{Heap before GC invocations=4 (full 0):
 garbage-first heap   total 260096K, used 91597K [0x0000000080000000, 0x0000000100000000)
  region size 1024K, 74 young (75776K), 2 survivors (2048K)
 Metaspace       used 31079K, capacity 31828K, committed 31872K, reserved 1077248K
  class space    used 4154K, capacity 4441K, committed 4480K, reserved 1048576K
}
Event: 7.491 GC heap after
{Heap after GC invocations=5 (full 0):
 garbage-first heap   total 260096K, used 20939K [0x0000000080000000, 0x0000000100000000)
  region size 1024K, 5 young (5120K), 5 survivors (5120K)
 Metaspace       used 31079K, capacity 31828K, committed 31872K, reserved 1077248K
  class space    used 4154K, capacity 4441K, committed 4480K, reserved 1048576K
}
Event: 7.831 GC heap before
{Heap before GC invocations=5 (full 0):
 garbage-first heap   total 260096K, used 31179K [0x0000000080000000, 0x0000000100000000)
  region size 1024K, 16 young (16384K), 5 survivors (5120K)
 Metaspace       used 35068K, capacity 35838K, committed 35840K, reserved 1081344K
  class space    used 4540K, capacity 4864K, committed 4864K, reserved 1048576K
}
Event: 7.843 GC heap after
{Heap after GC invocations=6 (full 0):
 garbage-first heap   total 260096K, used 22303K [0x0000000080000000, 0x0000000100000000)
  region size 1024K, 6 young (6144K), 6 survivors (6144K)
 Metaspace       used 35068K, capacity 35838K, committed 35840K, reserved 1081344K
  class space    used 4540K, capacity 4864K, committed 4864K, reserved 1048576K
}
Event: 9.827 GC heap before
{Heap before GC invocations=7 (full 0):
 garbage-first heap   total 260096K, used 146207K [0x0000000080000000, 0x0000000100000000)
  region size 1024K, 124 young (126976K), 6 survivors (6144K)
 Metaspace       used 44730K, capacity 45784K, committed 45900K, reserved 1089536K
  class space    used 5741K, capacity 6145K, committed 6220K, reserved 1048576K
}
Event: 9.845 GC heap after
{Heap after GC invocations=8 (full 0):
 garbage-first heap   total 260096K, used 29391K [0x0000000080000000, 0x0000000100000000)
  region size 1024K, 13 young (13312K), 13 survivors (13312K)
 Metaspace       used 44730K, capacity 45784K, committed 45900K, reserved 1089536K
  class space    used 5741K, capacity 6145K, committed 6220K, reserved 1048576K
}
Event: 12.762 GC heap before
{Heap before GC invocations=8 (full 0):
 garbage-first heap   total 260096K, used 165583K [0x0000000080000000, 0x0000000100000000)
  region size 1024K, 144 young (147456K), 13 survivors (13312K)
 Metaspace       used 58702K, capacity 60155K, committed 60236K, reserved 1101824K
  class space    used 7416K, capacity 7971K, committed 8012K, reserved 1048576K
}
Event: 12.810 GC heap after
{Heap after GC invocations=9 (full 0):
 garbage-first heap   total 260096K, used 44084K [0x0000000080000000, 0x0000000100000000)
  region size 1024K, 19 young (19456K), 19 survivors (19456K)
 Metaspace       used 58702K, capacity 60155K, committed 60236K, reserved 1101824K
  class space    used 7416K, capacity 7971K, committed 8012K, reserved 1048576K
}
Event: 15.244 GC heap before
{Heap before GC invocations=10 (full 0):
 garbage-first heap   total 260096K, used 180276K [0x0000000080000000, 0x0000000100000000)
  region size 1024K, 152 young (155648K), 19 survivors (19456K)
 Metaspace       used 70855K, capacity 72624K, committed 72780K, reserved 1112064K
  class space    used 9147K, capacity 9776K, committed 9804K, reserved 1048576K
}
Event: 15.280 GC heap after
{Heap after GC invocations=11 (full 0):
 garbage-first heap   total 260096K, used 54765K [0x0000000080000000, 0x0000000100000000)
  region size 1024K, 12 young (12288K), 12 survivors (12288K)
 Metaspace       used 70855K, capacity 72624K, committed 72780K, reserved 1112064K
  class space    used 9147K, capacity 9776K, committed 9804K, reserved 1048576K
}
Event: 17.867 GC heap before
{Heap before GC invocations=11 (full 0):
 garbage-first heap   total 260096K, used 185837K [0x0000000080000000, 0x0000000100000000)
  region size 1024K, 141 young (144384K), 12 survivors (12288K)
 Metaspace       used 81436K, capacity 83615K, committed 83916K, reserved 1122304K
  class space    used 10556K, capacity 11346K, committed 11468K, reserved 1048576K
}
Event: 17.895 GC heap after
{Heap after GC invocations=12 (full 0):
 garbage-first heap   total 260096K, used 65829K [0x0000000080000000, 0x0000000100000000)
  region size 1024K, 11 young (11264K), 11 survivors (11264K)
 Metaspace       used 81436K, capacity 83615K, committed 83916K, reserved 1122304K
  class space    used 10556K, capacity 11346K, committed 11468K, reserved 1048576K
}
Event: 56.752 GC heap before
{Heap before GC invocations=12 (full 0):
 garbage-first heap   total 260096K, used 191781K [0x0000000080000000, 0x0000000100000000)
  region size 1024K, 135 young (138240K), 11 survivors (11264K)
 Metaspace       used 86654K, capacity 88925K, committed 89164K, reserved 1126400K
  class space    used 10979K, capacity 11796K, committed 11852K, reserved 1048576K
}
Event: 56.778 GC heap after
{Heap after GC invocations=13 (full 0):
 garbage-first heap   total 260096K, used 73484K [0x0000000080000000, 0x0000000100000000)
  region size 1024K, 8 young (8192K), 8 survivors (8192K)
 Metaspace       used 86654K, capacity 88925K, committed 89164K, reserved 1126400K
  class space    used 10979K, capacity 11796K, committed 11852K, reserved 1048576K
}
Event: 58.852 GC heap before
{Heap before GC invocations=13 (full 0):
 garbage-first heap   total 260096K, used 197388K [0x0000000080000000, 0x0000000100000000)
  region size 1024K, 130 young (133120K), 8 survivors (8192K)
 Metaspace       used 88478K, capacity 90946K, committed 91212K, reserved 1128448K
  class space    used 11177K, capacity 12047K, committed 12108K, reserved 1048576K
}
Event: 58.881 GC heap after
{Heap after GC invocations=14 (full 0):
 garbage-first heap   total 260096K, used 81618K [0x0000000080000000, 0x0000000100000000)
  region size 1024K, 16 young (16384K), 16 survivors (16384K)
 Metaspace       used 88478K, capacity 90946K, committed 91212K, reserved 1128448K
  class space    used 11177K, capacity 12047K, committed 12108K, reserved 1048576K
}

