# JRE version: OpenJDK Runtime Environment (11.0.10) (build 11.0.10+0-b96-7249189)
# Java VM: OpenJDK 64-Bit Server VM (11.0.10+0-b96-7249189, mixed mode, tiered, compressed oops, g1 gc, windows-amd64)
Heap:
 garbage-first heap   total 260096K, used 176392K [0x0000000080000000, 0x0000000100000000)
  region size 1024K, 103 young (105472K), 9 survivors (9216K)
 Metaspace       used 88802K, capacity 91108K, committed 91212K, reserved 1128448K
  class space    used 11456K, capacity 12312K, committed 12364K, reserved 1048576K
GC Heap History (20 events):
Event: 1.466 GC heap before
{Heap before GC invocations=0 (full 0):
 garbage-first heap   total 260096K, used 29696K [0x0000000080000000, 0x0000000100000000)
  region size 1024K, 24 young (24576K), 0 survivors (0K)
 Metaspace       used 10174K, capacity 10405K, committed 10624K, reserved 1058816K
  class space    used 1062K, capacity 1107K, committed 1152K, reserved 1048576K
}
Event: 1.473 GC heap after
{Heap after GC invocations=1 (full 0):
 garbage-first heap   total 260096K, used 9712K [0x0000000080000000, 0x0000000100000000)
  region size 1024K, 3 young (3072K), 3 survivors (3072K)
 Metaspace       used 10174K, capacity 10405K, committed 10624K, reserved 1058816K
  class space    used 1062K, capacity 1107K, committed 1152K, reserved 1048576K
}
Event: 4.697 GC heap before
{Heap before GC invocations=1 (full 0):
 garbage-first heap   total 260096K, used 81392K [0x0000000080000000, 0x0000000100000000)
  region size 1024K, 72 young (73728K), 3 survivors (3072K)
 Metaspace       used 17511K, capacity 17912K, committed 18048K, reserved 1064960K
  class space    used 2045K, capacity 2174K, committed 2176K, reserved 1048576K
}
Event: 4.708 GC heap after
{Heap after GC invocations=2 (full 0):
 garbage-first heap   total 260096K, used 16076K [0x0000000080000000, 0x0000000100000000)
  region size 1024K, 9 young (9216K), 9 survivors (9216K)
 Metaspace       used 17511K, capacity 17912K, committed 18048K, reserved 1064960K
  class space    used 2045K, capacity 2174K, committed 2176K, reserved 1048576K
}
Event: 5.082 GC heap before
{Heap before GC invocations=2 (full 0):
 garbage-first heap   total 260096K, used 41676K [0x0000000080000000, 0x0000000100000000)
  region size 1024K, 36 young (36864K), 9 survivors (9216K)
 Metaspace       used 20579K, capacity 21104K, committed 21248K, reserved 1067008K
  class space    used 2508K, capacity 2690K, committed 2816K, reserved 1048576K
}
Event: 5.093 GC heap after
{Heap after GC invocations=3 (full 0):
 garbage-first heap   total 260096K, used 17382K [0x0000000080000000, 0x0000000100000000)
  region size 1024K, 2 young (2048K), 2 survivors (2048K)
 Metaspace       used 20579K, capacity 21104K, committed 21248K, reserved 1067008K
  class space    used 2508K, capacity 2690K, committed 2816K, reserved 1048576K
}
Event: 6.155 GC heap before
{Heap before GC invocations=4 (full 0):
 garbage-first heap   total 260096K, used 83942K [0x0000000080000000, 0x0000000100000000)
  region size 1024K, 67 young (68608K), 2 survivors (2048K)
 Metaspace       used 26751K, capacity 27396K, committed 27648K, reserved 1073152K
  class space    used 3529K, capacity 3794K, committed 3840K, reserved 1048576K
}
Event: 6.160 GC heap after
{Heap after GC invocations=5 (full 0):
 garbage-first heap   total 260096K, used 19297K [0x0000000080000000, 0x0000000100000000)
  region size 1024K, 4 young (4096K), 4 survivors (4096K)
 Metaspace       used 26751K, capacity 27396K, committed 27648K, reserved 1073152K
  class space    used 3529K, capacity 3794K, committed 3840K, reserved 1048576K
}
Event: 7.189 GC heap before
{Heap before GC invocations=5 (full 0):
 garbage-first heap   total 260096K, used 63329K [0x0000000080000000, 0x0000000100000000)
  region size 1024K, 49 young (50176K), 4 survivors (4096K)
 Metaspace       used 35071K, capacity 35838K, committed 35840K, reserved 1081344K
  class space    used 4545K, capacity 4864K, committed 4864K, reserved 1048576K
}
Event: 7.202 GC heap after
{Heap after GC invocations=6 (full 0):
 garbage-first heap   total 260096K, used 22515K [0x0000000080000000, 0x0000000100000000)
  region size 1024K, 7 young (7168K), 7 survivors (7168K)
 Metaspace       used 35071K, capacity 35838K, committed 35840K, reserved 1081344K
  class space    used 4545K, capacity 4864K, committed 4864K, reserved 1048576K
}
Event: 9.042 GC heap before
{Heap before GC invocations=7 (full 0):
 garbage-first heap   total 260096K, used 139251K [0x0000000080000000, 0x0000000100000000)
  region size 1024K, 118 young (120832K), 7 survivors (7168K)
 Metaspace       used 44123K, capacity 45105K, committed 45260K, reserved 1089536K
  class space    used 5658K, capacity 6003K, committed 6092K, reserved 1048576K
}
Event: 9.058 GC heap after
{Heap after GC invocations=8 (full 0):
 garbage-first heap   total 260096K, used 28943K [0x0000000080000000, 0x0000000100000000)
  region size 1024K, 13 young (13312K), 13 survivors (13312K)
 Metaspace       used 44123K, capacity 45105K, committed 45260K, reserved 1089536K
  class space    used 5658K, capacity 6003K, committed 6092K, reserved 1048576K
}
Event: 11.938 GC heap before
{Heap before GC invocations=8 (full 0):
 garbage-first heap   total 260096K, used 173327K [0x0000000080000000, 0x0000000100000000)
  region size 1024K, 151 young (154624K), 13 survivors (13312K)
 Metaspace       used 58721K, capacity 60174K, committed 60236K, reserved 1101824K
  class space    used 7424K, capacity 7978K, committed 8012K, reserved 1048576K
}
Event: 11.998 GC heap after
{Heap after GC invocations=9 (full 0):
 garbage-first heap   total 260096K, used 43475K [0x0000000080000000, 0x0000000100000000)
  region size 1024K, 19 young (19456K), 19 survivors (19456K)
 Metaspace       used 58721K, capacity 60174K, committed 60236K, reserved 1101824K
  class space    used 7424K, capacity 7978K, committed 8012K, reserved 1048576K
}
Event: 14.315 GC heap before
{Heap before GC invocations=10 (full 0):
 garbage-first heap   total 260096K, used 179667K [0x0000000080000000, 0x0000000100000000)
  region size 1024K, 152 young (155648K), 19 survivors (19456K)
 Metaspace       used 70154K, capacity 71822K, committed 71884K, reserved 1112064K
  class space    used 9043K, capacity 9661K, committed 9676K, reserved 1048576K
}
Event: 14.346 GC heap after
{Heap after GC invocations=11 (full 0):
 garbage-first heap   total 260096K, used 55168K [0x0000000080000000, 0x0000000100000000)
  region size 1024K, 12 young (12288K), 12 survivors (12288K)
 Metaspace       used 70154K, capacity 71822K, committed 71884K, reserved 1112064K
  class space    used 9043K, capacity 9661K, committed 9676K, reserved 1048576K
}
Event: 16.908 GC heap before
{Heap before GC invocations=11 (full 0):
 garbage-first heap   total 260096K, used 188288K [0x0000000080000000, 0x0000000100000000)
  region size 1024K, 143 young (146432K), 12 survivors (12288K)
 Metaspace       used 81745K, capacity 83931K, committed 84172K, reserved 1122304K
  class space    used 10626K, capacity 11451K, committed 11468K, reserved 1048576K
}
Event: 16.933 GC heap after
{Heap after GC invocations=12 (full 0):
 garbage-first heap   total 260096K, used 65536K [0x0000000080000000, 0x0000000100000000)
  region size 1024K, 11 young (11264K), 11 survivors (11264K)
 Metaspace       used 81745K, capacity 83931K, committed 84172K, reserved 1122304K
  class space    used 10626K, capacity 11451K, committed 11468K, reserved 1048576K
}
Event: 18.781 GC heap before
{Heap before GC invocations=12 (full 0):
 garbage-first heap   total 260096K, used 193536K [0x0000000080000000, 0x0000000100000000)
  region size 1024K, 137 young (140288K), 11 survivors (11264K)
 Metaspace       used 84111K, capacity 86400K, committed 86476K, reserved 1124352K
  class space    used 10866K, capacity 11711K, committed 11724K, reserved 1048576K
}
Event: 18.806 GC heap after
{Heap after GC invocations=13 (full 0):
 garbage-first heap   total 260096K, used 73992K [0x0000000080000000, 0x0000000100000000)
  region size 1024K, 9 young (9216K), 9 survivors (9216K)
 Metaspace       used 84111K, capacity 86400K, committed 86476K, reserved 1124352K
  class space    used 10866K, capacity 11711K, committed 11724K, reserved 1048576K
}

