# JRE version: OpenJDK Runtime Environment (11.0.10) (build 11.0.10+0-b96-7249189)
# Java VM: OpenJDK 64-Bit Server VM (11.0.10+0-b96-7249189, mixed mode, tiered, compressed oops, g1 gc, windows-amd64)
Heap:
 garbage-first heap   total 260096K, used 192184K [0x0000000080000000, 0x0000000100000000)
  region size 1024K, 110 young (112640K), 8 survivors (8192K)
 Metaspace       used 91556K, capacity 93920K, committed 94156K, reserved 1130496K
  class space    used 11831K, capacity 12696K, committed 12748K, reserved 1048576K
GC Heap History (20 events):
Event: 1.350 GC heap before
{Heap before GC invocations=0 (full 0):
 garbage-first heap   total 260096K, used 29696K [0x0000000080000000, 0x0000000100000000)
  region size 1024K, 24 young (24576K), 0 survivors (0K)
 Metaspace       used 10147K, capacity 10405K, committed 10624K, reserved 1058816K
  class space    used 1061K, capacity 1107K, committed 1152K, reserved 1048576K
}
Event: 1.357 GC heap after
{Heap after GC invocations=1 (full 0):
 garbage-first heap   total 260096K, used 9512K [0x0000000080000000, 0x0000000100000000)
  region size 1024K, 3 young (3072K), 3 survivors (3072K)
 Metaspace       used 10147K, capacity 10405K, committed 10624K, reserved 1058816K
  class space    used 1061K, capacity 1107K, committed 1152K, reserved 1048576K
}
Event: 4.692 GC heap before
{Heap before GC invocations=1 (full 0):
 garbage-first heap   total 260096K, used 106792K [0x0000000080000000, 0x0000000100000000)
  region size 1024K, 98 young (100352K), 3 survivors (3072K)
 Metaspace       used 20572K, capacity 21104K, committed 21248K, reserved 1067008K
  class space    used 2505K, capacity 2690K, committed 2816K, reserved 1048576K
}
Event: 4.706 GC heap after
{Heap after GC invocations=2 (full 0):
 garbage-first heap   total 260096K, used 16631K [0x0000000080000000, 0x0000000100000000)
  region size 1024K, 10 young (10240K), 10 survivors (10240K)
 Metaspace       used 20572K, capacity 21104K, committed 21248K, reserved 1067008K
  class space    used 2505K, capacity 2690K, committed 2816K, reserved 1048576K
}
Event: 5.618 GC heap before
{Heap before GC invocations=3 (full 0):
 garbage-first heap   total 260096K, used 78071K [0x0000000080000000, 0x0000000100000000)
  region size 1024K, 70 young (71680K), 10 survivors (10240K)
 Metaspace       used 26471K, capacity 27209K, committed 27392K, reserved 1073152K
  class space    used 3483K, capacity 3754K, committed 3840K, reserved 1048576K
}
Event: 5.631 GC heap after
{Heap after GC invocations=4 (full 0):
 garbage-first heap   total 260096K, used 18923K [0x0000000080000000, 0x0000000100000000)
  region size 1024K, 3 young (3072K), 3 survivors (3072K)
 Metaspace       used 26471K, capacity 27209K, committed 27392K, reserved 1073152K
  class space    used 3483K, capacity 3754K, committed 3840K, reserved 1048576K
}
Event: 6.678 GC heap before
{Heap before GC invocations=4 (full 0):
 garbage-first heap   total 260096K, used 69099K [0x0000000080000000, 0x0000000100000000)
  region size 1024K, 53 young (54272K), 3 survivors (3072K)
 Metaspace       used 35065K, capacity 35838K, committed 35840K, reserved 1081344K
  class space    used 4541K, capacity 4864K, committed 4864K, reserved 1048576K
}
Event: 6.689 GC heap after
{Heap after GC invocations=5 (full 0):
 garbage-first heap   total 260096K, used 22055K [0x0000000080000000, 0x0000000100000000)
  region size 1024K, 6 young (6144K), 6 survivors (6144K)
 Metaspace       used 35065K, capacity 35838K, committed 35840K, reserved 1081344K
  class space    used 4541K, capacity 4864K, committed 4864K, reserved 1048576K
}
Event: 8.350 GC heap before
{Heap before GC invocations=6 (full 0):
 garbage-first heap   total 260096K, used 136743K [0x0000000080000000, 0x0000000100000000)
  region size 1024K, 115 young (117760K), 6 survivors (6144K)
 Metaspace       used 44002K, capacity 45043K, committed 45260K, reserved 1089536K
  class space    used 5645K, capacity 6003K, committed 6092K, reserved 1048576K
}
Event: 8.366 GC heap after
{Heap after GC invocations=7 (full 0):
 garbage-first heap   total 260096K, used 28482K [0x0000000080000000, 0x0000000100000000)
  region size 1024K, 12 young (12288K), 12 survivors (12288K)
 Metaspace       used 44002K, capacity 45043K, committed 45260K, reserved 1089536K
  class space    used 5645K, capacity 6003K, committed 6092K, reserved 1048576K
}
Event: 10.934 GC heap before
{Heap before GC invocations=7 (full 0):
 garbage-first heap   total 260096K, used 166722K [0x0000000080000000, 0x0000000100000000)
  region size 1024K, 143 young (146432K), 12 survivors (12288K)
 Metaspace       used 57263K, capacity 58714K, committed 59084K, reserved 1099776K
  class space    used 7225K, capacity 7745K, committed 7884K, reserved 1048576K
}
Event: 10.959 GC heap after
{Heap after GC invocations=8 (full 0):
 garbage-first heap   total 260096K, used 43298K [0x0000000080000000, 0x0000000100000000)
  region size 1024K, 18 young (18432K), 18 survivors (18432K)
 Metaspace       used 57263K, capacity 58714K, committed 59084K, reserved 1099776K
  class space    used 7225K, capacity 7745K, committed 7884K, reserved 1048576K
}
Event: 11.159 GC heap before
{Heap before GC invocations=8 (full 0):
 garbage-first heap   total 260096K, used 50466K [0x0000000080000000, 0x0000000100000000)
  region size 1024K, 26 young (26624K), 18 survivors (18432K)
 Metaspace       used 58737K, capacity 60193K, committed 60236K, reserved 1101824K
  class space    used 7427K, capacity 7984K, committed 8012K, reserved 1048576K
}
Event: 11.189 GC heap after
{Heap after GC invocations=9 (full 0):
 garbage-first heap   total 260096K, used 45242K [0x0000000080000000, 0x0000000100000000)
  region size 1024K, 2 young (2048K), 2 survivors (2048K)
 Metaspace       used 58737K, capacity 60193K, committed 60236K, reserved 1101824K
  class space    used 7427K, capacity 7984K, committed 8012K, reserved 1048576K
}
Event: 13.638 GC heap before
{Heap before GC invocations=10 (full 0):
 garbage-first heap   total 260096K, used 192698K [0x0000000080000000, 0x0000000100000000)
  region size 1024K, 146 young (149504K), 2 survivors (2048K)
 Metaspace       used 71172K, capacity 72910K, committed 73164K, reserved 1112064K
  class space    used 9194K, capacity 9827K, committed 9932K, reserved 1048576K
}
Event: 13.653 GC heap after
{Heap after GC invocations=11 (full 0):
 garbage-first heap   total 260096K, used 54817K [0x0000000080000000, 0x0000000100000000)
  region size 1024K, 12 young (12288K), 12 survivors (12288K)
 Metaspace       used 71172K, capacity 72910K, committed 73164K, reserved 1112064K
  class space    used 9194K, capacity 9827K, committed 9932K, reserved 1048576K
}
Event: 16.053 GC heap before
{Heap before GC invocations=11 (full 0):
 garbage-first heap   total 260096K, used 195105K [0x0000000080000000, 0x0000000100000000)
  region size 1024K, 149 young (152576K), 12 survivors (12288K)
 Metaspace       used 81881K, capacity 84149K, committed 84428K, reserved 1122304K
  class space    used 10630K, capacity 11437K, committed 11468K, reserved 1048576K
}
Event: 16.084 GC heap after
{Heap after GC invocations=12 (full 0):
 garbage-first heap   total 260096K, used 66034K [0x0000000080000000, 0x0000000100000000)
  region size 1024K, 12 young (12288K), 12 survivors (12288K)
 Metaspace       used 81881K, capacity 84149K, committed 84428K, reserved 1122304K
  class space    used 10630K, capacity 11437K, committed 11468K, reserved 1048576K
}
Event: 17.966 GC heap before
{Heap before GC invocations=12 (full 0):
 garbage-first heap   total 260096K, used 198130K [0x0000000080000000, 0x0000000100000000)
  region size 1024K, 142 young (145408K), 12 survivors (12288K)
 Metaspace       used 87861K, capacity 90249K, committed 90316K, reserved 1128448K
  class space    used 11353K, capacity 12223K, committed 12236K, reserved 1048576K
}
Event: 17.992 GC heap after
{Heap after GC invocations=13 (full 0):
 garbage-first heap   total 260096K, used 73400K [0x0000000080000000, 0x0000000100000000)
  region size 1024K, 8 young (8192K), 8 survivors (8192K)
 Metaspace       used 87861K, capacity 90249K, committed 90316K, reserved 1128448K
  class space    used 11353K, capacity 12223K, committed 12236K, reserved 1048576K
}

