# JRE version: OpenJDK Runtime Environment (11.0.10) (build 11.0.10+0-b96-7249189)
# Java VM: OpenJDK 64-Bit Server VM (11.0.10+0-b96-7249189, mixed mode, tiered, compressed oops, g1 gc, windows-amd64)
Heap:
 garbage-first heap   total 260096K, used 160159K [0x0000000080000000, 0x0000000100000000)
  region size 1024K, 87 young (89088K), 8 survivors (8192K)
 Metaspace       used 89664K, capacity 91961K, committed 92108K, reserved 1128448K
  class space    used 11578K, capacity 12429K, committed 12492K, reserved 1048576K
GC Heap History (20 events):
Event: 1.145 GC heap before
{Heap before GC invocations=0 (full 0):
 garbage-first heap   total 260096K, used 29696K [0x0000000080000000, 0x0000000100000000)
  region size 1024K, 24 young (24576K), 0 survivors (0K)
 Metaspace       used 10163K, capacity 10405K, committed 10624K, reserved 1058816K
  class space    used 1062K, capacity 1107K, committed 1152K, reserved 1048576K
}
Event: 1.151 GC heap after
{Heap after GC invocations=1 (full 0):
 garbage-first heap   total 260096K, used 9592K [0x0000000080000000, 0x0000000100000000)
  region size 1024K, 3 young (3072K), 3 survivors (3072K)
 Metaspace       used 10163K, capacity 10405K, committed 10624K, reserved 1058816K
  class space    used 1062K, capacity 1107K, committed 1152K, reserved 1048576K
}
Event: 3.937 GC heap before
{Heap before GC invocations=1 (full 0):
 garbage-first heap   total 260096K, used 106872K [0x0000000080000000, 0x0000000100000000)
  region size 1024K, 98 young (100352K), 3 survivors (3072K)
 Metaspace       used 20576K, capacity 21104K, committed 21248K, reserved 1067008K
  class space    used 2509K, capacity 2690K, committed 2816K, reserved 1048576K
}
Event: 3.949 GC heap after
{Heap after GC invocations=2 (full 0):
 garbage-first heap   total 260096K, used 17264K [0x0000000080000000, 0x0000000100000000)
  region size 1024K, 11 young (11264K), 11 survivors (11264K)
 Metaspace       used 20576K, capacity 21104K, committed 21248K, reserved 1067008K
  class space    used 2509K, capacity 2690K, committed 2816K, reserved 1048576K
}
Event: 4.295 GC heap before
{Heap before GC invocations=3 (full 0):
 garbage-first heap   total 260096K, used 43888K [0x0000000080000000, 0x0000000100000000)
  region size 1024K, 37 young (37888K), 11 survivors (11264K)
 Metaspace       used 23150K, capacity 23743K, committed 23936K, reserved 1071104K
  class space    used 2939K, capacity 3147K, committed 3200K, reserved 1048576K
}
Event: 4.305 GC heap after
{Heap after GC invocations=4 (full 0):
 garbage-first heap   total 260096K, used 17946K [0x0000000080000000, 0x0000000100000000)
  region size 1024K, 2 young (2048K), 2 survivors (2048K)
 Metaspace       used 23150K, capacity 23743K, committed 23936K, reserved 1071104K
  class space    used 2939K, capacity 3147K, committed 3200K, reserved 1048576K
}
Event: 6.131 GC heap before
{Heap before GC invocations=4 (full 0):
 garbage-first heap   total 260096K, used 102938K [0x0000000080000000, 0x0000000100000000)
  region size 1024K, 86 young (88064K), 2 survivors (2048K)
 Metaspace       used 35083K, capacity 35838K, committed 35840K, reserved 1081344K
  class space    used 4546K, capacity 4864K, committed 4864K, reserved 1048576K
}
Event: 6.145 GC heap after
{Heap after GC invocations=5 (full 0):
 garbage-first heap   total 260096K, used 22104K [0x0000000080000000, 0x0000000100000000)
  region size 1024K, 6 young (6144K), 6 survivors (6144K)
 Metaspace       used 35083K, capacity 35838K, committed 35840K, reserved 1081344K
  class space    used 4546K, capacity 4864K, committed 4864K, reserved 1048576K
}
Event: 8.288 GC heap before
{Heap before GC invocations=6 (full 0):
 garbage-first heap   total 260096K, used 140888K [0x0000000080000000, 0x0000000100000000)
  region size 1024K, 119 young (121856K), 6 survivors (6144K)
 Metaspace       used 44260K, capacity 45305K, committed 45568K, reserved 1089536K
  class space    used 5679K, capacity 6070K, committed 6144K, reserved 1048576K
}
Event: 8.303 GC heap after
{Heap after GC invocations=7 (full 0):
 garbage-first heap   total 260096K, used 28649K [0x0000000080000000, 0x0000000100000000)
  region size 1024K, 12 young (12288K), 12 survivors (12288K)
 Metaspace       used 44260K, capacity 45305K, committed 45568K, reserved 1089536K
  class space    used 5679K, capacity 6070K, committed 6144K, reserved 1048576K
}
Event: 11.561 GC heap before
{Heap before GC invocations=7 (full 0):
 garbage-first heap   total 260096K, used 167913K [0x0000000080000000, 0x0000000100000000)
  region size 1024K, 145 young (148480K), 12 survivors (12288K)
 Metaspace       used 58394K, capacity 59881K, committed 59904K, reserved 1101824K
  class space    used 7376K, capacity 7923K, committed 7936K, reserved 1048576K
}
Event: 11.581 GC heap after
{Heap after GC invocations=8 (full 0):
 garbage-first heap   total 260096K, used 43925K [0x0000000080000000, 0x0000000100000000)
  region size 1024K, 18 young (18432K), 18 survivors (18432K)
 Metaspace       used 58394K, capacity 59881K, committed 59904K, reserved 1101824K
  class space    used 7376K, capacity 7923K, committed 7936K, reserved 1048576K
}
Event: 11.611 GC heap before
{Heap before GC invocations=8 (full 0):
 garbage-first heap   total 260096K, used 43925K [0x0000000080000000, 0x0000000100000000)
  region size 1024K, 19 young (19456K), 18 survivors (18432K)
 Metaspace       used 58646K, capacity 60101K, committed 60160K, reserved 1101824K
  class space    used 7409K, capacity 7931K, committed 7936K, reserved 1048576K
}
Event: 11.642 GC heap after
{Heap after GC invocations=9 (full 0):
 garbage-first heap   total 260096K, used 45223K [0x0000000080000000, 0x0000000100000000)
  region size 1024K, 2 young (2048K), 2 survivors (2048K)
 Metaspace       used 58646K, capacity 60101K, committed 60160K, reserved 1101824K
  class space    used 7409K, capacity 7931K, committed 7936K, reserved 1048576K
}
Event: 13.661 GC heap before
{Heap before GC invocations=10 (full 0):
 garbage-first heap   total 260096K, used 190631K [0x0000000080000000, 0x0000000100000000)
  region size 1024K, 144 young (147456K), 2 survivors (2048K)
 Metaspace       used 70937K, capacity 72608K, committed 72780K, reserved 1112064K
  class space    used 9161K, capacity 9768K, committed 9804K, reserved 1048576K
}
Event: 13.682 GC heap after
{Heap after GC invocations=11 (full 0):
 garbage-first heap   total 260096K, used 54225K [0x0000000080000000, 0x0000000100000000)
  region size 1024K, 11 young (11264K), 11 survivors (11264K)
 Metaspace       used 70937K, capacity 72608K, committed 72780K, reserved 1112064K
  class space    used 9161K, capacity 9768K, committed 9804K, reserved 1048576K
}
Event: 15.872 GC heap before
{Heap before GC invocations=12 (full 0):
 garbage-first heap   total 260096K, used 193489K [0x0000000080000000, 0x0000000100000000)
  region size 1024K, 148 young (151552K), 11 survivors (11264K)
 Metaspace       used 81768K, capacity 83988K, committed 84172K, reserved 1122304K
  class space    used 10608K, capacity 11430K, committed 11468K, reserved 1048576K
}
Event: 15.894 GC heap after
{Heap after GC invocations=13 (full 0):
 garbage-first heap   total 260096K, used 65277K [0x0000000080000000, 0x0000000100000000)
  region size 1024K, 11 young (11264K), 11 survivors (11264K)
 Metaspace       used 81768K, capacity 83988K, committed 84172K, reserved 1122304K
  class space    used 10608K, capacity 11430K, committed 11468K, reserved 1048576K
}
Event: 17.036 GC heap before
{Heap before GC invocations=13 (full 0):
 garbage-first heap   total 260096K, used 198397K [0x0000000080000000, 0x0000000100000000)
  region size 1024K, 142 young (145408K), 11 survivors (11264K)
 Metaspace       used 84401K, capacity 86703K, committed 86860K, reserved 1124352K
  class space    used 10892K, capacity 11727K, committed 11852K, reserved 1048576K
}
Event: 17.059 GC heap after
{Heap after GC invocations=14 (full 0):
 garbage-first heap   total 260096K, used 73119K [0x0000000080000000, 0x0000000100000000)
  region size 1024K, 8 young (8192K), 8 survivors (8192K)
 Metaspace       used 84401K, capacity 86703K, committed 86860K, reserved 1124352K
  class space    used 10892K, capacity 11727K, committed 11852K, reserved 1048576K
}

