# JRE version: OpenJDK Runtime Environment (11.0.10) (build 11.0.10+0-b96-7249189)
# Java VM: OpenJDK 64-Bit Server VM (11.0.10+0-b96-7249189, mixed mode, tiered, compressed oops, g1 gc, windows-amd64)
Heap:
 garbage-first heap   total 260096K, used 178649K [0x0000000080000000, 0x0000000100000000)
  region size 1024K, 105 young (107520K), 7 survivors (7168K)
 Metaspace       used 88870K, capacity 91163K, committed 91468K, reserved 1128448K
  class space    used 11453K, capacity 12308K, committed 12364K, reserved 1048576K
GC Heap History (20 events):
Event: 5.113 GC heap before
{Heap before GC invocations=2 (full 0):
 garbage-first heap   total 260096K, used 54843K [0x0000000080000000, 0x0000000100000000)
  region size 1024K, 48 young (49152K), 8 survivors (8192K)
 Metaspace       used 20585K, capacity 21104K, committed 21248K, reserved 1067008K
  class space    used 2508K, capacity 2690K, committed 2816K, reserved 1048576K
}
Event: 5.124 GC heap after
{Heap after GC invocations=3 (full 0):
 garbage-first heap   total 260096K, used 16559K [0x0000000080000000, 0x0000000100000000)
  region size 1024K, 2 young (2048K), 2 survivors (2048K)
 Metaspace       used 20585K, capacity 21104K, committed 21248K, reserved 1067008K
  class space    used 2508K, capacity 2690K, committed 2816K, reserved 1048576K
}
Event: 6.231 GC heap before
{Heap before GC invocations=4 (full 0):
 garbage-first heap   total 260096K, used 87215K [0x0000000080000000, 0x0000000100000000)
  region size 1024K, 71 young (72704K), 2 survivors (2048K)
 Metaspace       used 27202K, capacity 27879K, committed 27904K, reserved 1073152K
  class space    used 3592K, capacity 3827K, committed 3840K, reserved 1048576K
}
Event: 6.239 GC heap after
{Heap after GC invocations=5 (full 0):
 garbage-first heap   total 260096K, used 18767K [0x0000000080000000, 0x0000000100000000)
  region size 1024K, 5 young (5120K), 5 survivors (5120K)
 Metaspace       used 27202K, capacity 27879K, committed 27904K, reserved 1073152K
  class space    used 3592K, capacity 3827K, committed 3840K, reserved 1048576K
}
Event: 7.283 GC heap before
{Heap before GC invocations=5 (full 0):
 garbage-first heap   total 260096K, used 60751K [0x0000000080000000, 0x0000000100000000)
  region size 1024K, 47 young (48128K), 5 survivors (5120K)
 Metaspace       used 35076K, capacity 35838K, committed 35840K, reserved 1081344K
  class space    used 4544K, capacity 4864K, committed 4864K, reserved 1048576K
}
Event: 7.299 GC heap after
{Heap after GC invocations=6 (full 0):
 garbage-first heap   total 260096K, used 21855K [0x0000000080000000, 0x0000000100000000)
  region size 1024K, 8 young (8192K), 8 survivors (8192K)
 Metaspace       used 35076K, capacity 35838K, committed 35840K, reserved 1081344K
  class space    used 4544K, capacity 4864K, committed 4864K, reserved 1048576K
}
Event: 9.579 GC heap before
{Heap before GC invocations=7 (full 0):
 garbage-first heap   total 260096K, used 134495K [0x0000000080000000, 0x0000000100000000)
  region size 1024K, 115 young (117760K), 8 survivors (8192K)
 Metaspace       used 43874K, capacity 44943K, committed 45260K, reserved 1089536K
  class space    used 5615K, capacity 5970K, committed 6092K, reserved 1048576K
}
Event: 9.608 GC heap after
{Heap after GC invocations=8 (full 0):
 garbage-first heap   total 260096K, used 28290K [0x0000000080000000, 0x0000000100000000)
  region size 1024K, 14 young (14336K), 14 survivors (14336K)
 Metaspace       used 43874K, capacity 44943K, committed 45260K, reserved 1089536K
  class space    used 5615K, capacity 5970K, committed 6092K, reserved 1048576K
}
Event: 13.287 GC heap before
{Heap before GC invocations=8 (full 0):
 garbage-first heap   total 260096K, used 172674K [0x0000000080000000, 0x0000000100000000)
  region size 1024K, 152 young (155648K), 14 survivors (14336K)
 Metaspace       used 57494K, capacity 58911K, committed 59084K, reserved 1099776K
  class space    used 7262K, capacity 7769K, committed 7884K, reserved 1048576K
}
Event: 13.313 GC heap after
{Heap after GC invocations=9 (full 0):
 garbage-first heap   total 260096K, used 42366K [0x0000000080000000, 0x0000000100000000)
  region size 1024K, 19 young (19456K), 19 survivors (19456K)
 Metaspace       used 57494K, capacity 58911K, committed 59084K, reserved 1099776K
  class space    used 7262K, capacity 7769K, committed 7884K, reserved 1048576K
}
Event: 13.481 GC heap before
{Heap before GC invocations=9 (full 0):
 garbage-first heap   total 260096K, used 45438K [0x0000000080000000, 0x0000000100000000)
  region size 1024K, 23 young (23552K), 19 survivors (19456K)
 Metaspace       used 58710K, capacity 60147K, committed 60236K, reserved 1101824K
  class space    used 7412K, capacity 7967K, committed 8012K, reserved 1048576K
}
Event: 13.520 GC heap after
{Heap after GC invocations=10 (full 0):
 garbage-first heap   total 260096K, used 45552K [0x0000000080000000, 0x0000000100000000)
  region size 1024K, 3 young (3072K), 3 survivors (3072K)
 Metaspace       used 58710K, capacity 60147K, committed 60236K, reserved 1101824K
  class space    used 7412K, capacity 7967K, committed 8012K, reserved 1048576K
}
Event: 15.015 GC heap before
{Heap before GC invocations=11 (full 0):
 garbage-first heap   total 260096K, used 136688K [0x0000000080000000, 0x0000000100000000)
  region size 1024K, 92 young (94208K), 3 survivors (3072K)
 Metaspace       used 64702K, capacity 66326K, committed 66380K, reserved 1107968K
  class space    used 8181K, capacity 8753K, committed 8780K, reserved 1048576K
}
Event: 15.026 GC heap after
{Heap after GC invocations=12 (full 0):
 garbage-first heap   total 260096K, used 50917K [0x0000000080000000, 0x0000000100000000)
  region size 1024K, 8 young (8192K), 8 survivors (8192K)
 Metaspace       used 64702K, capacity 66326K, committed 66380K, reserved 1107968K
  class space    used 8181K, capacity 8753K, committed 8780K, reserved 1048576K
}
Event: 17.001 GC heap before
{Heap before GC invocations=12 (full 0):
 garbage-first heap   total 260096K, used 149221K [0x0000000080000000, 0x0000000100000000)
  region size 1024K, 104 young (106496K), 8 survivors (8192K)
 Metaspace       used 76329K, capacity 78092K, committed 78156K, reserved 1116160K
  class space    used 9913K, capacity 10555K, committed 10572K, reserved 1048576K
}
Event: 17.017 GC heap after
{Heap after GC invocations=13 (full 0):
 garbage-first heap   total 260096K, used 56802K [0x0000000080000000, 0x0000000100000000)
  region size 1024K, 6 young (6144K), 6 survivors (6144K)
 Metaspace       used 76329K, capacity 78092K, committed 78156K, reserved 1116160K
  class space    used 9913K, capacity 10555K, committed 10572K, reserved 1048576K
}
Event: 18.871 GC heap before
{Heap before GC invocations=13 (full 0):
 garbage-first heap   total 260096K, used 158178K [0x0000000080000000, 0x0000000100000000)
  region size 1024K, 106 young (108544K), 6 survivors (6144K)
 Metaspace       used 81949K, capacity 84164K, committed 84428K, reserved 1122304K
  class space    used 10615K, capacity 11415K, committed 11468K, reserved 1048576K
}
Event: 18.891 GC heap after
{Heap after GC invocations=14 (full 0):
 garbage-first heap   total 260096K, used 65489K [0x0000000080000000, 0x0000000100000000)
  region size 1024K, 14 young (14336K), 14 survivors (14336K)
 Metaspace       used 81949K, capacity 84164K, committed 84428K, reserved 1122304K
  class space    used 10615K, capacity 11415K, committed 11468K, reserved 1048576K
}
Event: 20.329 GC heap before
{Heap before GC invocations=14 (full 0):
 garbage-first heap   total 260096K, used 168913K [0x0000000080000000, 0x0000000100000000)
  region size 1024K, 116 young (118784K), 14 survivors (14336K)
 Metaspace       used 83894K, capacity 86166K, committed 86220K, reserved 1124352K
  class space    used 10824K, capacity 11675K, committed 11724K, reserved 1048576K
}
Event: 20.357 GC heap after
{Heap after GC invocations=15 (full 0):
 garbage-first heap   total 260096K, used 72153K [0x0000000080000000, 0x0000000100000000)
  region size 1024K, 7 young (7168K), 7 survivors (7168K)
 Metaspace       used 83894K, capacity 86166K, committed 86220K, reserved 1124352K
  class space    used 10824K, capacity 11675K, committed 11724K, reserved 1048576K
}

