# JRE version: OpenJDK Runtime Environment (11.0.10) (build 11.0.10+0-b96-7249189)
# Java VM: OpenJDK 64-Bit Server VM (11.0.10+0-b96-7249189, mixed mode, tiered, compressed oops, g1 gc, windows-amd64)
Heap:
 garbage-first heap   total 260096K, used 165660K [0x0000000080000000, 0x0000000100000000)
  region size 1024K, 92 young (94208K), 8 survivors (8192K)
 Metaspace       used 89617K, capacity 91920K, committed 92108K, reserved 1128448K
  class space    used 11565K, capacity 12413K, committed 12492K, reserved 1048576K
GC Heap History (18 events):
Event: 1.301 GC heap before
{Heap before GC invocations=0 (full 0):
 garbage-first heap   total 260096K, used 29696K [0x0000000080000000, 0x0000000100000000)
  region size 1024K, 24 young (24576K), 0 survivors (0K)
 Metaspace       used 10158K, capacity 10405K, committed 10624K, reserved 1058816K
  class space    used 1062K, capacity 1107K, committed 1152K, reserved 1048576K
}
Event: 1.307 GC heap after
{Heap after GC invocations=1 (full 0):
 garbage-first heap   total 260096K, used 9177K [0x0000000080000000, 0x0000000100000000)
  region size 1024K, 3 young (3072K), 3 survivors (3072K)
 Metaspace       used 10158K, capacity 10405K, committed 10624K, reserved 1058816K
  class space    used 1062K, capacity 1107K, committed 1152K, reserved 1048576K
}
Event: 4.086 GC heap before
{Heap before GC invocations=1 (full 0):
 garbage-first heap   total 260096K, used 105433K [0x0000000080000000, 0x0000000100000000)
  region size 1024K, 98 young (100352K), 3 survivors (3072K)
 Metaspace       used 20580K, capacity 21104K, committed 21248K, reserved 1067008K
  class space    used 2508K, capacity 2690K, committed 2816K, reserved 1048576K
}
Event: 4.096 GC heap after
{Heap after GC invocations=2 (full 0):
 garbage-first heap   total 260096K, used 16512K [0x0000000080000000, 0x0000000100000000)
  region size 1024K, 11 young (11264K), 11 survivors (11264K)
 Metaspace       used 20580K, capacity 21104K, committed 21248K, reserved 1067008K
  class space    used 2508K, capacity 2690K, committed 2816K, reserved 1048576K
}
Event: 4.791 GC heap before
{Heap before GC invocations=3 (full 0):
 garbage-first heap   total 260096K, used 78976K [0x0000000080000000, 0x0000000100000000)
  region size 1024K, 72 young (73728K), 11 survivors (11264K)
 Metaspace       used 26534K, capacity 27276K, committed 27392K, reserved 1073152K
  class space    used 3494K, capacity 3755K, committed 3840K, reserved 1048576K
}
Event: 4.800 GC heap after
{Heap after GC invocations=4 (full 0):
 garbage-first heap   total 260096K, used 19229K [0x0000000080000000, 0x0000000100000000)
  region size 1024K, 3 young (3072K), 3 survivors (3072K)
 Metaspace       used 26534K, capacity 27276K, committed 27392K, reserved 1073152K
  class space    used 3494K, capacity 3755K, committed 3840K, reserved 1048576K
}
Event: 5.674 GC heap before
{Heap before GC invocations=4 (full 0):
 garbage-first heap   total 260096K, used 67357K [0x0000000080000000, 0x0000000100000000)
  region size 1024K, 51 young (52224K), 3 survivors (3072K)
 Metaspace       used 35059K, capacity 35838K, committed 35840K, reserved 1081344K
  class space    used 4541K, capacity 4864K, committed 4864K, reserved 1048576K
}
Event: 5.687 GC heap after
{Heap after GC invocations=5 (full 0):
 garbage-first heap   total 260096K, used 22255K [0x0000000080000000, 0x0000000100000000)
  region size 1024K, 6 young (6144K), 6 survivors (6144K)
 Metaspace       used 35059K, capacity 35838K, committed 35840K, reserved 1081344K
  class space    used 4541K, capacity 4864K, committed 4864K, reserved 1048576K
}
Event: 7.077 GC heap before
{Heap before GC invocations=6 (full 0):
 garbage-first heap   total 260096K, used 150255K [0x0000000080000000, 0x0000000100000000)
  region size 1024K, 128 young (131072K), 6 survivors (6144K)
 Metaspace       used 44983K, capacity 46104K, committed 46156K, reserved 1089536K
  class space    used 5780K, capacity 6188K, committed 6220K, reserved 1048576K
}
Event: 7.089 GC heap after
{Heap after GC invocations=7 (full 0):
 garbage-first heap   total 260096K, used 29478K [0x0000000080000000, 0x0000000100000000)
  region size 1024K, 13 young (13312K), 13 survivors (13312K)
 Metaspace       used 44983K, capacity 46104K, committed 46156K, reserved 1089536K
  class space    used 5780K, capacity 6188K, committed 6220K, reserved 1048576K
}
Event: 9.118 GC heap before
{Heap before GC invocations=7 (full 0):
 garbage-first heap   total 260096K, used 162598K [0x0000000080000000, 0x0000000100000000)
  region size 1024K, 141 young (144384K), 13 survivors (13312K)
 Metaspace       used 58701K, capacity 60164K, committed 60236K, reserved 1101824K
  class space    used 7414K, capacity 7974K, committed 8012K, reserved 1048576K
}
Event: 9.154 GC heap after
{Heap after GC invocations=8 (full 0):
 garbage-first heap   total 260096K, used 44072K [0x0000000080000000, 0x0000000100000000)
  region size 1024K, 18 young (18432K), 18 survivors (18432K)
 Metaspace       used 58701K, capacity 60164K, committed 60236K, reserved 1101824K
  class space    used 7414K, capacity 7974K, committed 8012K, reserved 1048576K
}
Event: 10.704 GC heap before
{Heap before GC invocations=9 (full 0):
 garbage-first heap   total 260096K, used 181288K [0x0000000080000000, 0x0000000100000000)
  region size 1024K, 152 young (155648K), 18 survivors (18432K)
 Metaspace       used 70192K, capacity 71890K, committed 72140K, reserved 1112064K
  class space    used 9042K, capacity 9658K, committed 9676K, reserved 1048576K
}
Event: 10.725 GC heap after
{Heap after GC invocations=10 (full 0):
 garbage-first heap   total 260096K, used 54622K [0x0000000080000000, 0x0000000100000000)
  region size 1024K, 11 young (11264K), 11 survivors (11264K)
 Metaspace       used 70192K, capacity 71890K, committed 72140K, reserved 1112064K
  class space    used 9042K, capacity 9658K, committed 9676K, reserved 1048576K
}
Event: 12.601 GC heap before
{Heap before GC invocations=10 (full 0):
 garbage-first heap   total 260096K, used 194910K [0x0000000080000000, 0x0000000100000000)
  region size 1024K, 149 young (152576K), 11 survivors (11264K)
 Metaspace       used 81763K, capacity 83949K, committed 84172K, reserved 1122304K
  class space    used 10604K, capacity 11414K, committed 11468K, reserved 1048576K
}
Event: 12.623 GC heap after
{Heap after GC invocations=11 (full 0):
 garbage-first heap   total 260096K, used 66371K [0x0000000080000000, 0x0000000100000000)
  region size 1024K, 12 young (12288K), 12 survivors (12288K)
 Metaspace       used 81763K, capacity 83949K, committed 84172K, reserved 1122304K
  class space    used 10604K, capacity 11414K, committed 11468K, reserved 1048576K
}
Event: 13.698 GC heap before
{Heap before GC invocations=11 (full 0):
 garbage-first heap   total 260096K, used 200515K [0x0000000080000000, 0x0000000100000000)
  region size 1024K, 144 young (147456K), 12 survivors (12288K)
 Metaspace       used 84426K, capacity 86698K, committed 86860K, reserved 1124352K
  class space    used 10898K, capacity 11746K, committed 11852K, reserved 1048576K
}
Event: 13.716 GC heap after
{Heap after GC invocations=12 (full 0):
 garbage-first heap   total 260096K, used 73500K [0x0000000080000000, 0x0000000100000000)
  region size 1024K, 8 young (8192K), 8 survivors (8192K)
 Metaspace       used 84426K, capacity 86698K, committed 86860K, reserved 1124352K
  class space    used 10898K, capacity 11746K, committed 11852K, reserved 1048576K
}

