# JRE version: OpenJDK Runtime Environment (11.0.10) (build 11.0.10+0-b96-7249189)
# Java VM: OpenJDK 64-Bit Server VM (11.0.10+0-b96-7249189, mixed mode, tiered, compressed oops, g1 gc, windows-amd64)
Heap:
 garbage-first heap   total 260096K, used 162177K [0x0000000080000000, 0x0000000100000000)
  region size 1024K, 77 young (78848K), 13 survivors (13312K)
 Metaspace       used 91849K, capacity 94112K, committed 94412K, reserved 1130496K
  class space    used 11825K, capacity 12664K, committed 12748K, reserved 1048576K
GC Heap History (20 events):
Event: 3.360 GC heap before
{Heap before GC invocations=1 (full 0):
 garbage-first heap   total 260096K, used 106712K [0x0000000080000000, 0x0000000100000000)
  region size 1024K, 98 young (100352K), 3 survivors (3072K)
 Metaspace       used 20572K, capacity 21104K, committed 21248K, reserved 1067008K
  class space    used 2505K, capacity 2690K, committed 2816K, reserved 1048576K
}
Event: 3.370 GC heap after
{Heap after GC invocations=2 (full 0):
 garbage-first heap   total 260096K, used 16600K [0x0000000080000000, 0x0000000100000000)
  region size 1024K, 10 young (10240K), 10 survivors (10240K)
 Metaspace       used 20572K, capacity 21104K, committed 21248K, reserved 1067008K
  class space    used 2505K, capacity 2690K, committed 2816K, reserved 1048576K
}
Event: 3.733 GC heap before
{Heap before GC invocations=3 (full 0):
 garbage-first heap   total 260096K, used 51416K [0x0000000080000000, 0x0000000100000000)
  region size 1024K, 44 young (45056K), 10 survivors (10240K)
 Metaspace       used 23919K, capacity 24582K, committed 24832K, reserved 1071104K
  class space    used 3056K, capacity 3257K, committed 3328K, reserved 1048576K
}
Event: 3.740 GC heap after
{Heap after GC invocations=4 (full 0):
 garbage-first heap   total 260096K, used 17754K [0x0000000080000000, 0x0000000100000000)
  region size 1024K, 2 young (2048K), 2 survivors (2048K)
 Metaspace       used 23919K, capacity 24582K, committed 24832K, reserved 1071104K
  class space    used 3056K, capacity 3257K, committed 3328K, reserved 1048576K
}
Event: 5.082 GC heap before
{Heap before GC invocations=4 (full 0):
 garbage-first heap   total 260096K, used 93530K [0x0000000080000000, 0x0000000100000000)
  region size 1024K, 78 young (79872K), 2 survivors (2048K)
 Metaspace       used 35078K, capacity 35838K, committed 35840K, reserved 1081344K
  class space    used 4545K, capacity 4864K, committed 4864K, reserved 1048576K
}
Event: 5.096 GC heap after
{Heap after GC invocations=5 (full 0):
 garbage-first heap   total 260096K, used 21766K [0x0000000080000000, 0x0000000100000000)
  region size 1024K, 6 young (6144K), 6 survivors (6144K)
 Metaspace       used 35078K, capacity 35838K, committed 35840K, reserved 1081344K
  class space    used 4545K, capacity 4864K, committed 4864K, reserved 1048576K
}
Event: 6.977 GC heap before
{Heap before GC invocations=6 (full 0):
 garbage-first heap   total 260096K, used 122118K [0x0000000080000000, 0x0000000100000000)
  region size 1024K, 101 young (103424K), 6 survivors (6144K)
 Metaspace       used 43158K, capacity 44157K, committed 44364K, reserved 1087488K
  class space    used 5502K, capacity 5855K, committed 5964K, reserved 1048576K
}
Event: 6.989 GC heap after
{Heap after GC invocations=7 (full 0):
 garbage-first heap   total 260096K, used 27905K [0x0000000080000000, 0x0000000100000000)
  region size 1024K, 12 young (12288K), 12 survivors (12288K)
 Metaspace       used 43158K, capacity 44157K, committed 44364K, reserved 1087488K
  class space    used 5502K, capacity 5855K, committed 5964K, reserved 1048576K
}
Event: 11.979 GC heap before
{Heap before GC invocations=7 (full 0):
 garbage-first heap   total 260096K, used 149761K [0x0000000080000000, 0x0000000100000000)
  region size 1024K, 127 young (130048K), 12 survivors (12288K)
 Metaspace       used 52528K, capacity 53902K, committed 54092K, reserved 1095680K
  class space    used 6692K, capacity 7169K, committed 7244K, reserved 1048576K
}
Event: 12.001 GC heap after
{Heap after GC invocations=8 (full 0):
 garbage-first heap   total 260096K, used 41802K [0x0000000080000000, 0x0000000100000000)
  region size 1024K, 16 young (16384K), 16 survivors (16384K)
 Metaspace       used 52528K, capacity 53902K, committed 54092K, reserved 1095680K
  class space    used 6692K, capacity 7169K, committed 7244K, reserved 1048576K
}
Event: 13.197 GC heap before
{Heap before GC invocations=8 (full 0):
 garbage-first heap   total 260096K, used 77642K [0x0000000080000000, 0x0000000100000000)
  region size 1024K, 52 young (53248K), 16 survivors (16384K)
 Metaspace       used 58711K, capacity 60156K, committed 60288K, reserved 1101824K
  class space    used 7402K, capacity 7927K, committed 8012K, reserved 1048576K
}
Event: 13.232 GC heap after
{Heap after GC invocations=9 (full 0):
 garbage-first heap   total 260096K, used 44405K [0x0000000080000000, 0x0000000100000000)
  region size 1024K, 3 young (3072K), 3 survivors (3072K)
 Metaspace       used 58711K, capacity 60156K, committed 60288K, reserved 1101824K
  class space    used 7402K, capacity 7927K, committed 8012K, reserved 1048576K
}
Event: 16.379 GC heap before
{Heap before GC invocations=10 (full 0):
 garbage-first heap   total 260096K, used 160117K [0x0000000080000000, 0x0000000100000000)
  region size 1024K, 116 young (118784K), 3 survivors (3072K)
 Metaspace       used 68146K, capacity 69729K, committed 69836K, reserved 1110016K
  class space    used 8748K, capacity 9332K, committed 9420K, reserved 1048576K
}
Event: 16.393 GC heap after
{Heap after GC invocations=11 (full 0):
 garbage-first heap   total 260096K, used 52094K [0x0000000080000000, 0x0000000100000000)
  region size 1024K, 11 young (11264K), 11 survivors (11264K)
 Metaspace       used 68146K, capacity 69729K, committed 69836K, reserved 1110016K
  class space    used 8748K, capacity 9332K, committed 9420K, reserved 1048576K
}
Event: 19.121 GC heap before
{Heap before GC invocations=11 (full 0):
 garbage-first heap   total 260096K, used 168830K [0x0000000080000000, 0x0000000100000000)
  region size 1024K, 126 young (129024K), 11 survivors (11264K)
 Metaspace       used 80311K, capacity 82216K, committed 82508K, reserved 1120256K
  class space    used 10366K, capacity 11033K, committed 11084K, reserved 1048576K
}
Event: 19.145 GC heap after
{Heap after GC invocations=12 (full 0):
 garbage-first heap   total 260096K, used 61881K [0x0000000080000000, 0x0000000100000000)
  region size 1024K, 10 young (10240K), 10 survivors (10240K)
 Metaspace       used 80311K, capacity 82216K, committed 82508K, reserved 1120256K
  class space    used 10366K, capacity 11033K, committed 11084K, reserved 1048576K
}
Event: 20.725 GC heap before
{Heap before GC invocations=12 (full 0):
 garbage-first heap   total 260096K, used 177593K [0x0000000080000000, 0x0000000100000000)
  region size 1024K, 124 young (126976K), 10 survivors (10240K)
 Metaspace       used 83733K, capacity 85856K, committed 86092K, reserved 1124352K
  class space    used 10779K, capacity 11576K, committed 11596K, reserved 1048576K
}
Event: 20.740 GC heap after
{Heap after GC invocations=13 (full 0):
 garbage-first heap   total 260096K, used 69478K [0x0000000080000000, 0x0000000100000000)
  region size 1024K, 8 young (8192K), 8 survivors (8192K)
 Metaspace       used 83733K, capacity 85856K, committed 86092K, reserved 1124352K
  class space    used 10779K, capacity 11576K, committed 11596K, reserved 1048576K
}
Event: 21.985 GC heap before
{Heap before GC invocations=13 (full 0):
 garbage-first heap   total 260096K, used 185190K [0x0000000080000000, 0x0000000100000000)
  region size 1024K, 122 young (124928K), 8 survivors (8192K)
 Metaspace       used 88329K, capacity 90563K, committed 90828K, reserved 1128448K
  class space    used 11356K, capacity 12162K, committed 12236K, reserved 1048576K
}
Event: 21.998 GC heap after
{Heap after GC invocations=14 (full 0):
 garbage-first heap   total 260096K, used 74113K [0x0000000080000000, 0x0000000100000000)
  region size 1024K, 13 young (13312K), 13 survivors (13312K)
 Metaspace       used 88329K, capacity 90563K, committed 90828K, reserved 1128448K
  class space    used 11356K, capacity 12162K, committed 12236K, reserved 1048576K
}

